TN:
SF:/Users/zguillez/Documents/SVN/YEOMAN/generator-symfonangular/generators/app/index.js
FN:6,(anonymous_1)
FN:9,(anonymous_2)
FN:13,(anonymous_3)
FN:19,(anonymous_4)
FN:32,(anonymous_5)
FN:38,(anonymous_6)
FN:40,(anonymous_7)
FNF:7
FNH:0
FNDA:0,(anonymous_1)
FNDA:0,(anonymous_2)
FNDA:0,(anonymous_3)
FNDA:0,(anonymous_4)
FNDA:0,(anonymous_5)
FNDA:0,(anonymous_6)
FNDA:0,(anonymous_7)
DA:2,0
DA:3,0
DA:4,0
DA:5,0
DA:7,0
DA:10,0
DA:11,0
DA:12,0
DA:13,0
DA:14,0
DA:15,0
DA:20,0
DA:21,0
DA:22,0
DA:23,0
DA:24,0
DA:25,0
DA:26,0
DA:27,0
DA:28,0
DA:29,0
DA:30,0
DA:33,0
DA:34,0
DA:35,0
DA:39,0
DA:40,0
DA:41,0
LF:28
LH:0
BRF:0
BRH:0
end_of_record
TN:
SF:/Users/zguillez/Documents/SVN/YEOMAN/generator-symfonangular/generators/app/templates/Gruntfile.js
FN:2,(anonymous_1)
FN:15,(anonymous_2)
FNF:2
FNH:0
FNDA:0,(anonymous_1)
FNDA:0,(anonymous_2)
DA:2,0
DA:3,0
DA:4,0
DA:5,0
DA:6,0
DA:7,0
DA:8,0
DA:9,0
DA:10,0
DA:11,0
DA:12,0
DA:13,0
DA:14,0
DA:15,0
DA:16,0
DA:17,0
DA:19,0
LF:17
LH:0
BRDA:16,1,0,0
BRDA:16,1,1,0
BRF:2
BRH:0
end_of_record
TN:
SF:/Users/zguillez/Documents/SVN/YEOMAN/generator-symfonangular/generators/app/templates/grunt/clean.js
FN:2,(anonymous_1)
FNF:1
FNH:0
FNDA:0,(anonymous_1)
DA:2,0
DA:3,0
LF:2
LH:0
BRF:0
BRH:0
end_of_record
TN:
SF:/Users/zguillez/Documents/SVN/YEOMAN/generator-symfonangular/generators/app/templates/grunt/connect.js
FN:2,(anonymous_1)
FNF:1
FNH:0
FNDA:0,(anonymous_1)
DA:2,0
DA:3,0
LF:2
LH:0
BRF:0
BRH:0
end_of_record
TN:
SF:/Users/zguillez/Documents/SVN/YEOMAN/generator-symfonangular/generators/app/templates/grunt/copy.js
FN:2,(anonymous_1)
FNF:1
FNH:0
FNDA:0,(anonymous_1)
DA:2,0
DA:3,0
LF:2
LH:0
BRF:0
BRH:0
end_of_record
TN:
SF:/Users/zguillez/Documents/SVN/YEOMAN/generator-symfonangular/generators/app/templates/grunt/sass.js
FN:2,(anonymous_1)
FNF:1
FNH:0
FNDA:0,(anonymous_1)
DA:2,0
DA:3,0
LF:2
LH:0
BRF:0
BRH:0
end_of_record
TN:
SF:/Users/zguillez/Documents/SVN/YEOMAN/generator-symfonangular/generators/app/templates/grunt/shell.js
FN:2,(anonymous_1)
FNF:1
FNH:0
FNDA:0,(anonymous_1)
DA:2,0
DA:3,0
LF:2
LH:0
BRF:0
BRH:0
end_of_record
TN:
SF:/Users/zguillez/Documents/SVN/YEOMAN/generator-symfonangular/generators/app/templates/grunt/uglify.js
FN:2,(anonymous_1)
FNF:1
FNH:0
FNDA:0,(anonymous_1)
DA:2,0
DA:3,0
LF:2
LH:0
BRF:0
BRH:0
end_of_record
TN:
SF:/Users/zguillez/Documents/SVN/YEOMAN/generator-symfonangular/generators/app/templates/grunt/watch.js
FN:2,(anonymous_1)
FNF:1
FNH:0
FNDA:0,(anonymous_1)
DA:2,0
DA:3,0
LF:2
LH:0
BRF:0
BRH:0
end_of_record
TN:
SF:/Users/zguillez/Documents/SVN/YEOMAN/generator-symfonangular/generators/app/templates/web/lib/scripts/angular-route.min.js
FN:6,(anonymous_1)
FN:6,v
FN:6,(anonymous_3)
FN:6,z
FN:6,(anonymous_5)
FN:6,x
FN:6,(anonymous_7)
FN:6,(anonymous_8)
FN:7,A
FN:7,(anonymous_10)
FN:7,(anonymous_11)
FN:7,r
FN:8,h
FN:8,(anonymous_14)
FN:8,(anonymous_15)
FN:9,(anonymous_16)
FN:9,(anonymous_17)
FN:9,l
FN:10,m
FN:10,(anonymous_20)
FN:11,(anonymous_21)
FN:11,(anonymous_22)
FN:11,(anonymous_23)
FN:12,k
FN:12,(anonymous_25)
FN:12,t
FN:12,(anonymous_27)
FN:13,(anonymous_28)
FN:13,(anonymous_29)
FN:13,(anonymous_30)
FN:13,(anonymous_31)
FN:13,(anonymous_32)
FNF:32
FNH:0
FNDA:0,(anonymous_1)
FNDA:0,v
FNDA:0,(anonymous_3)
FNDA:0,z
FNDA:0,(anonymous_5)
FNDA:0,x
FNDA:0,(anonymous_7)
FNDA:0,(anonymous_8)
FNDA:0,A
FNDA:0,(anonymous_10)
FNDA:0,(anonymous_11)
FNDA:0,r
FNDA:0,h
FNDA:0,(anonymous_14)
FNDA:0,(anonymous_15)
FNDA:0,(anonymous_16)
FNDA:0,(anonymous_17)
FNDA:0,l
FNDA:0,m
FNDA:0,(anonymous_20)
FNDA:0,(anonymous_21)
FNDA:0,(anonymous_22)
FNDA:0,(anonymous_23)
FNDA:0,k
FNDA:0,(anonymous_25)
FNDA:0,t
FNDA:0,(anonymous_27)
FNDA:0,(anonymous_28)
FNDA:0,(anonymous_29)
FNDA:0,(anonymous_30)
FNDA:0,(anonymous_31)
FNDA:0,(anonymous_32)
DA:6,1
DA:7,1
DA:8,1
DA:9,1
DA:10,1
DA:11,0
DA:12,1
DA:13,0
DA:14,0
LF:9
LH:6
BRDA:6,1,0,0
BRDA:6,1,1,0
BRDA:6,2,0,0
BRDA:6,2,1,0
BRDA:6,3,0,0
BRDA:6,3,1,0
BRDA:6,4,0,0
BRDA:6,4,1,0
BRDA:6,5,0,0
BRDA:6,5,1,0
BRDA:6,6,0,0
BRDA:6,6,1,0
BRDA:6,7,0,0
BRDA:6,7,1,0
BRDA:6,8,0,0
BRDA:6,8,1,0
BRDA:6,8,2,0
BRDA:6,8,3,0
BRDA:7,9,0,0
BRDA:7,9,1,0
BRDA:7,10,0,0
BRDA:7,10,1,0
BRDA:7,11,0,0
BRDA:7,11,1,0
BRDA:8,12,0,0
BRDA:8,12,1,0
BRDA:8,13,0,0
BRDA:8,13,1,0
BRDA:8,14,0,0
BRDA:8,14,1,0
BRDA:8,15,0,0
BRDA:8,15,1,0
BRDA:8,16,0,0
BRDA:8,16,1,0
BRDA:8,17,0,0
BRDA:8,17,1,0
BRDA:8,17,2,0
BRDA:8,18,0,0
BRDA:8,18,1,0
BRDA:8,19,0,0
BRDA:8,19,1,0
BRDA:8,20,0,0
BRDA:8,20,1,0
BRDA:8,21,0,0
BRDA:8,21,1,0
BRDA:9,22,0,0
BRDA:9,22,1,0
BRDA:9,23,0,0
BRDA:9,23,1,0
BRDA:9,24,0,0
BRDA:9,24,1,0
BRDA:9,25,0,0
BRDA:9,25,1,0
BRDA:9,26,0,0
BRDA:9,26,1,0
BRDA:10,27,0,0
BRDA:10,27,1,0
BRDA:10,27,2,0
BRDA:10,27,3,0
BRDA:10,27,4,0
BRDA:10,27,5,0
BRDA:10,28,0,0
BRDA:10,28,1,0
BRDA:10,28,2,0
BRDA:10,28,3,0
BRDA:10,28,4,0
BRDA:10,28,5,0
BRDA:10,29,0,0
BRDA:10,29,1,0
BRDA:10,30,0,0
BRDA:10,30,1,0
BRDA:10,31,0,0
BRDA:10,31,1,0
BRDA:10,32,0,0
BRDA:10,32,1,0
BRDA:10,32,2,0
BRDA:10,33,0,0
BRDA:10,33,1,0
BRDA:10,34,0,0
BRDA:10,34,1,0
BRDA:11,35,0,0
BRDA:11,35,1,0
BRDA:11,36,0,0
BRDA:11,36,1,0
BRDA:11,37,0,0
BRDA:11,37,1,0
BRDA:11,38,0,0
BRDA:11,38,1,0
BRDA:11,39,0,0
BRDA:11,39,1,0
BRDA:11,40,0,0
BRDA:11,40,1,0
BRDA:11,41,0,0
BRDA:11,41,1,0
BRDA:11,42,0,0
BRDA:11,42,1,0
BRDA:11,43,0,0
BRDA:11,43,1,0
BRDA:11,44,0,0
BRDA:11,44,1,0
BRDA:12,45,0,0
BRDA:12,45,1,0
BRDA:12,46,0,0
BRDA:12,46,1,0
BRDA:12,47,0,0
BRDA:12,47,1,0
BRDA:12,48,0,0
BRDA:12,48,1,0
BRDA:12,48,2,0
BRDA:12,49,0,0
BRDA:12,49,1,0
BRDA:12,50,0,0
BRDA:12,50,1,0
BRDA:12,50,2,0
BRDA:12,51,0,0
BRDA:12,51,1,0
BRDA:12,52,0,0
BRDA:12,52,1,0
BRDA:13,53,0,0
BRDA:13,53,1,0
BRDA:13,54,0,0
BRDA:13,54,1,0
BRDA:13,55,0,0
BRDA:13,55,1,0
BRF:124
BRH:0
end_of_record
TN:
SF:/Users/zguillez/Documents/SVN/YEOMAN/generator-symfonangular/generators/app/templates/web/lib/scripts/angular.min.js
FN:6,(anonymous_1)
FN:6,G
FN:6,(anonymous_3)
FN:6,za
FN:7,n
FN:8,oc
FN:8,pc
FN:8,(anonymous_8)
FN:8,Td
FN:8,Mb
FN:9,M
FN:9,Ud
FN:9,ea
FN:9,Ob
FN:9,x
FN:9,Ya
FN:9,na
FN:9,(anonymous_18)
FN:9,qc
FN:9,q
FN:9,y
FN:10,H
FN:10,nc
FN:10,E
FN:10,Q
FN:10,da
FN:10,z
FN:10,Ma
FN:10,Xa
FN:10,Za
FN:10,$a
FN:10,sc
FN:11,Nb
FN:11,Wd
FN:11,ta
FN:11,ab
FN:11,bb
FN:11,d
FN:12,c
FN:13,(anonymous_40)
FN:13,ia
FN:13,ma
FN:14,cb
FN:14,tc
FN:15,(anonymous_45)
FN:15,(anonymous_46)
FN:15,Xd
FN:15,db
FN:15,uc
FN:15,vc
FN:16,Pb
FN:16,ua
FN:16,(anonymous_53)
FN:16,wc
FN:17,xc
FN:17,(anonymous_56)
FN:17,Qb
FN:17,(anonymous_58)
FN:17,(anonymous_59)
FN:17,ob
FN:18,ja
FN:18,Yd
FN:18,Zd
FN:18,(anonymous_64)
FN:18,(anonymous_65)
FN:19,yc
FN:19,(anonymous_67)
FN:19,(anonymous_68)
FN:19,(anonymous_69)
FN:20,(anonymous_70)
FN:20,(anonymous_71)
FN:20,(anonymous_72)
FN:20,(anonymous_73)
FN:20,$d
FN:21,ae
FN:21,zc
FN:21,(anonymous_77)
FN:21,ce
FN:21,(anonymous_79)
FN:22,qb
FN:22,Qa
FN:22,Ra
FN:22,Bc
FN:23,rb
FN:23,$
FN:23,de
FN:23,b
FN:23,(anonymous_88)
FN:23,(anonymous_89)
FN:23,(anonymous_90)
FN:23,a
FN:24,(anonymous_92)
FN:24,b
FN:24,(anonymous_94)
FN:25,(anonymous_95)
FN:25,ee
FN:26,(anonymous_97)
FN:28,fb
FN:28,(anonymous_99)
FN:28,Kc
FN:29,Lc
FN:29,(anonymous_102)
FN:29,N
FN:30,Vb
FN:30,ub
FN:30,Nc
FN:30,(anonymous_107)
FN:31,(anonymous_108)
FN:31,vb
FN:31,wb
FN:31,Wb
FN:32,yb
FN:32,zb
FN:32,(anonymous_114)
FN:32,Ab
FN:33,(anonymous_116)
FN:33,Mc
FN:33,Oc
FN:33,Bb
FN:34,Pc
FN:34,Xb
FN:34,Gf
FN:34,Qc
FN:34,Hf
FN:34,(anonymous_125)
FN:34,(anonymous_126)
FN:35,(anonymous_127)
FN:35,(anonymous_128)
FN:35,If
FN:35,Jf
FN:35,xf
FN:35,(anonymous_132)
FN:36,(anonymous_133)
FN:36,(anonymous_134)
FN:36,(anonymous_135)
FN:36,Ca
FN:36,Sa
FN:36,(anonymous_138)
FN:36,Lf
FN:37,eb
FN:37,d
FN:37,(anonymous_142)
FN:37,c
FN:37,e
FN:37,(anonymous_145)
FN:37,f
FN:37,g
FN:37,(anonymous_148)
FN:37,d
FN:38,h
FN:38,d
FN:39,e
FN:39,(anonymous_153)
FN:40,(anonymous_154)
FN:40,(anonymous_155)
FN:40,(anonymous_156)
FN:40,(anonymous_157)
FN:40,(anonymous_158)
FN:40,(anonymous_159)
FN:40,(anonymous_160)
FN:41,(anonymous_161)
FN:41,(anonymous_162)
FN:41,(anonymous_163)
FN:41,Qe
FN:41,(anonymous_165)
FN:41,(anonymous_166)
FN:41,e
FN:41,(anonymous_168)
FN:42,f
FN:42,g
FN:42,(anonymous_171)
FN:42,(anonymous_172)
FN:42,(anonymous_173)
FN:43,hb
FN:43,Mf
FN:43,(anonymous_176)
FN:43,Ea
FN:43,Nf
FN:43,e
FN:43,f
FN:43,g
FN:44,h
FN:44,(anonymous_183)
FN:44,(anonymous_184)
FN:44,(anonymous_185)
FN:44,(anonymous_186)
FN:45,(anonymous_187)
FN:45,(anonymous_188)
FN:45,(anonymous_189)
FN:46,(anonymous_190)
FN:46,(anonymous_191)
FN:46,(anonymous_192)
FN:46,(anonymous_193)
FN:46,Ve
FN:46,(anonymous_195)
FN:46,We
FN:46,(anonymous_197)
FN:46,a
FN:46,e
FN:47,f
FN:47,(anonymous_201)
FN:47,(anonymous_202)
FN:47,(anonymous_203)
FN:48,(anonymous_204)
FN:48,(anonymous_205)
FN:48,(anonymous_206)
FN:48,(anonymous_207)
FN:48,(anonymous_208)
FN:48,(anonymous_209)
FN:48,rf
FN:48,(anonymous_211)
FN:48,Cc
FN:48,d
FN:48,(anonymous_214)
FN:49,c
FN:49,t
FN:50,(anonymous_217)
FN:50,(anonymous_218)
FN:52,(anonymous_219)
FN:52,(anonymous_220)
FN:52,(anonymous_221)
FN:52,(anonymous_222)
FN:53,J
FN:53,K
FN:53,(anonymous_225)
FN:53,(anonymous_226)
FN:54,O
FN:54,g
FN:55,R
FN:56,(anonymous_230)
FN:56,V
FN:56,(anonymous_232)
FN:58,Ta
FN:58,s
FN:58,(anonymous_235)
FN:58,Z
FN:58,t
FN:59,p
FN:60,w
FN:60,D
FN:60,k
FN:66,y
FN:66,P
FN:66,G
FN:67,S
FN:67,(anonymous_246)
FN:67,(anonymous_247)
FN:67,Of
FN:68,(anonymous_249)
FN:68,(anonymous_250)
FN:69,(anonymous_251)
FN:69,Ia
FN:69,Ua
FN:70,e
FN:70,N
FN:70,(anonymous_256)
FN:70,(anonymous_257)
FN:70,(anonymous_258)
FN:70,Yb
FN:71,Q
FN:71,W
FN:71,(anonymous_262)
FN:71,(anonymous_263)
FN:72,(anonymous_264)
FN:72,Y
FN:73,ca
FN:73,(anonymous_267)
FN:73,ea
FN:73,ba
FN:73,(anonymous_270)
FN:73,(anonymous_271)
FN:74,(anonymous_272)
FN:74,(anonymous_273)
FN:74,(anonymous_274)
FN:75,(anonymous_275)
FN:75,(anonymous_276)
FN:75,(anonymous_277)
FN:75,(anonymous_278)
FN:75,(anonymous_279)
FN:75,(anonymous_280)
FN:76,(anonymous_281)
FN:77,(anonymous_282)
FN:77,(anonymous_283)
FN:77,(anonymous_284)
FN:77,(anonymous_285)
FN:78,(anonymous_286)
FN:78,(anonymous_287)
FN:78,(anonymous_288)
FN:78,(anonymous_289)
FN:78,(anonymous_290)
FN:78,va
FN:79,Yc
FN:79,Xc
FN:79,Xe
FN:79,(anonymous_295)
FN:79,(anonymous_296)
FN:79,(anonymous_297)
FN:79,e
FN:80,(anonymous_299)
FN:80,(anonymous_300)
FN:80,Ye
FN:81,(anonymous_302)
FN:81,Ze
FN:81,(anonymous_304)
FN:81,(anonymous_305)
FN:81,Zb
FN:81,df
FN:81,(anonymous_308)
FN:81,(anonymous_309)
FN:81,(anonymous_310)
FN:81,(anonymous_311)
FN:81,ef
FN:81,(anonymous_313)
FN:81,(anonymous_314)
FN:81,b
FN:82,(anonymous_316)
FN:82,(anonymous_317)
FN:82,$b
FN:82,ad
FN:82,(anonymous_320)
FN:83,(anonymous_321)
FN:83,bd
FN:83,(anonymous_323)
FN:83,cd
FN:83,(anonymous_325)
FN:83,cf
FN:83,(anonymous_327)
FN:84,(anonymous_328)
FN:84,(anonymous_329)
FN:84,(anonymous_330)
FN:84,m
FN:84,c
FN:85,e
FN:85,(anonymous_334)
FN:85,(anonymous_335)
FN:86,(anonymous_336)
FN:86,(anonymous_337)
FN:87,(anonymous_338)
FN:87,(anonymous_339)
FN:87,(anonymous_340)
FN:87,(anonymous_341)
FN:87,r
FN:87,g
FN:87,f
FN:87,l
FN:88,r
FN:88,v
FN:89,t
FN:89,(anonymous_349)
FN:89,(anonymous_350)
FN:90,(anonymous_351)
FN:90,(anonymous_352)
FN:90,(anonymous_353)
FN:90,(anonymous_354)
FN:90,(anonymous_355)
FN:90,gf
FN:90,(anonymous_357)
FN:90,(anonymous_358)
FN:90,ff
FN:90,(anonymous_360)
FN:90,Uf
FN:91,f
FN:91,(anonymous_363)
FN:91,(anonymous_364)
FN:91,v
FN:92,T
FN:92,(anonymous_367)
FN:92,(anonymous_368)
FN:92,(anonymous_369)
FN:92,(anonymous_370)
FN:93,(anonymous_371)
FN:93,af
FN:93,(anonymous_373)
FN:93,(anonymous_374)
FN:94,(anonymous_375)
FN:94,f
FN:94,g
FN:94,h
FN:94,p
FN:95,(anonymous_380)
FN:95,(anonymous_381)
FN:95,(anonymous_382)
FN:95,(anonymous_383)
FN:96,(anonymous_384)
FN:96,(anonymous_385)
FN:96,bf
FN:96,(anonymous_387)
FN:96,e
FN:96,(anonymous_389)
FN:97,(anonymous_390)
FN:97,(anonymous_391)
FN:97,bc
FN:97,fd
FN:98,gd
FN:98,pa
FN:98,Fa
FN:98,ib
FN:98,cc
FN:99,(anonymous_399)
FN:99,(anonymous_400)
FN:99,(anonymous_401)
FN:100,dc
FN:100,(anonymous_403)
FN:100,(anonymous_404)
FN:101,(anonymous_405)
FN:101,hd
FN:101,(anonymous_407)
FN:101,(anonymous_408)
FN:101,Eb
FN:101,(anonymous_410)
FN:102,id
FN:102,(anonymous_412)
FN:102,hf
FN:102,(anonymous_414)
FN:102,(anonymous_415)
FN:103,(anonymous_416)
FN:103,h
FN:103,k
FN:104,(anonymous_419)
FN:105,(anonymous_420)
FN:105,(anonymous_421)
FN:105,(anonymous_422)
FN:106,(anonymous_423)
FN:106,jf
FN:106,(anonymous_425)
FN:106,(anonymous_426)
FN:106,c
FN:107,e
FN:107,(anonymous_429)
FN:107,(anonymous_430)
FN:107,(anonymous_431)
FN:107,(anonymous_432)
FN:107,(anonymous_433)
FN:107,Va
FN:108,jd
FN:108,xa
FN:108,kd
FN:108,ld
FN:109,Zf
FN:109,md
FN:109,W
FN:109,(anonymous_442)
FN:111,(anonymous_443)
FN:112,(anonymous_444)
FN:112,(anonymous_445)
FN:112,nd
FN:113,od
FN:113,pd
FN:113,qd
FN:113,rd
FN:113,sd
FN:114,Fb
FN:114,ec
FN:114,kf
FN:114,(anonymous_455)
FN:114,c
FN:114,e
FN:114,(anonymous_458)
FN:115,(anonymous_459)
FN:115,f
FN:115,(anonymous_461)
FN:115,(anonymous_462)
FN:115,(anonymous_463)
FN:115,g
FN:115,e
FN:115,(anonymous_466)
FN:115,(anonymous_467)
FN:115,(anonymous_468)
FN:116,(anonymous_469)
FN:116,h
FN:116,(anonymous_471)
FN:116,(anonymous_472)
FN:116,k
FN:116,(anonymous_474)
FN:116,(anonymous_475)
FN:117,(anonymous_476)
FN:118,mf
FN:118,(anonymous_478)
FN:118,(anonymous_479)
FN:118,nf
FN:118,(anonymous_481)
FN:118,(anonymous_482)
FN:118,td
FN:118,d
FN:118,d
FN:118,(anonymous_486)
FN:118,c
FN:118,e
FN:118,(anonymous_489)
FN:118,f
FN:118,(anonymous_491)
FN:119,g
FN:119,(anonymous_493)
FN:120,(anonymous_494)
FN:120,(anonymous_495)
FN:120,(anonymous_496)
FN:120,(anonymous_497)
FN:120,(anonymous_498)
FN:120,(anonymous_499)
FN:121,(anonymous_500)
FN:121,(anonymous_501)
FN:121,(anonymous_502)
FN:121,(anonymous_503)
FN:122,(anonymous_504)
FN:122,(anonymous_505)
FN:122,(anonymous_506)
FN:122,(anonymous_507)
FN:122,(anonymous_508)
FN:122,A
FN:122,(anonymous_510)
FN:122,(anonymous_511)
FN:123,(anonymous_512)
FN:123,(anonymous_513)
FN:123,(anonymous_514)
FN:123,(anonymous_515)
FN:123,(anonymous_516)
FN:123,(anonymous_517)
FN:123,wf
FN:123,(anonymous_519)
FN:124,(anonymous_520)
FN:124,(anonymous_521)
FN:124,(anonymous_522)
FN:124,(anonymous_523)
FN:124,lf
FN:124,a
FN:124,b
FN:124,(anonymous_527)
FN:125,(anonymous_528)
FN:125,l
FN:125,m
FN:125,r
FN:126,t
FN:126,A
FN:126,v
FN:126,s
FN:126,p
FN:126,C
FN:126,(anonymous_538)
FN:127,(anonymous_539)
FN:127,(anonymous_540)
FN:128,(anonymous_541)
FN:128,(anonymous_542)
FN:128,c
FN:128,(anonymous_544)
FN:128,(anonymous_545)
FN:128,(anonymous_546)
FN:128,(anonymous_547)
FN:128,(anonymous_548)
FN:128,(anonymous_549)
FN:129,(anonymous_550)
FN:129,c
FN:130,(anonymous_552)
FN:130,(anonymous_553)
FN:132,(anonymous_554)
FN:133,(anonymous_555)
FN:133,(anonymous_556)
FN:133,(anonymous_557)
FN:133,(anonymous_558)
FN:133,(anonymous_559)
FN:133,(anonymous_560)
FN:134,(anonymous_561)
FN:134,b
FN:134,(anonymous_563)
FN:134,(anonymous_564)
FN:134,(anonymous_565)
FN:135,(anonymous_566)
FN:135,(anonymous_567)
FN:135,(anonymous_568)
FN:135,(anonymous_569)
FN:136,ge
FN:137,(anonymous_571)
FN:137,(anonymous_572)
FN:137,(anonymous_573)
FN:137,(anonymous_574)
FN:137,ag
FN:138,vd
FN:138,(anonymous_577)
FN:138,pf
FN:138,(anonymous_579)
FN:138,(anonymous_580)
FN:138,(anonymous_581)
FN:138,c
FN:138,e
FN:138,(anonymous_584)
FN:138,(anonymous_585)
FN:139,(anonymous_586)
FN:139,(anonymous_587)
FN:139,(anonymous_588)
FN:139,(anonymous_589)
FN:140,(anonymous_590)
FN:140,(anonymous_591)
FN:141,of
FN:141,(anonymous_593)
FN:141,(anonymous_594)
FN:141,(anonymous_595)
FN:141,(anonymous_596)
FN:141,(anonymous_597)
FN:141,(anonymous_598)
FN:141,(anonymous_599)
FN:142,(anonymous_600)
FN:142,(anonymous_601)
FN:142,(anonymous_602)
FN:142,qf
FN:142,(anonymous_604)
FN:143,(anonymous_605)
FN:143,sf
FN:144,(anonymous_607)
FN:144,e
FN:144,(anonymous_609)
FN:144,(anonymous_610)
FN:144,(anonymous_611)
FN:144,(anonymous_612)
FN:144,tf
FN:145,(anonymous_614)
FN:145,(anonymous_615)
FN:145,(anonymous_616)
FN:145,(anonymous_617)
FN:145,(anonymous_618)
FN:145,(anonymous_619)
FN:146,(anonymous_620)
FN:146,(anonymous_621)
FN:146,uf
FN:146,(anonymous_623)
FN:146,f
FN:146,(anonymous_625)
FN:147,(anonymous_626)
FN:147,wa
FN:147,ed
FN:148,vf
FN:148,xd
FN:148,b
FN:148,(anonymous_632)
FN:148,zf
FN:148,Jc
FN:148,b
FN:148,(anonymous_636)
FN:149,(anonymous_637)
FN:149,(anonymous_638)
FN:149,bg
FN:149,(anonymous_640)
FN:150,gg
FN:150,(anonymous_642)
FN:150,(anonymous_643)
FN:150,Ka
FN:150,(anonymous_645)
FN:151,hc
FN:151,yd
FN:151,(anonymous_648)
FN:152,Ad
FN:152,(anonymous_650)
FN:152,Cd
FN:153,Gb
FN:154,ca
FN:154,(anonymous_654)
FN:154,Hb
FN:154,(anonymous_656)
FN:154,Dd
FN:154,Ed
FN:154,(anonymous_659)
FN:155,jc
FN:155,zd
FN:155,b
FN:156,(anonymous_663)
FN:156,(anonymous_664)
FN:156,cg
FN:156,(anonymous_666)
FN:156,dg
FN:156,(anonymous_668)
FN:157,Bd
FN:157,b
FN:157,(anonymous_671)
FN:157,(anonymous_672)
FN:158,d
FN:158,(anonymous_674)
FN:158,(anonymous_675)
FN:158,(anonymous_676)
FN:158,(anonymous_677)
FN:159,(anonymous_678)
FN:159,(anonymous_679)
FN:159,La
FN:159,Fd
FN:160,(anonymous_682)
FN:160,(anonymous_683)
FN:160,(anonymous_684)
FN:160,(anonymous_685)
FN:160,(anonymous_686)
FN:160,(anonymous_687)
FN:160,(anonymous_688)
FN:161,(anonymous_689)
FN:161,(anonymous_690)
FN:161,(anonymous_691)
FN:161,(anonymous_692)
FN:161,(anonymous_693)
FN:161,(anonymous_694)
FN:162,(anonymous_695)
FN:162,(anonymous_696)
FN:162,(anonymous_697)
FN:162,(anonymous_698)
FN:162,(anonymous_699)
FN:162,kc
FN:162,(anonymous_701)
FN:162,jb
FN:162,(anonymous_703)
FN:163,(anonymous_704)
FN:163,(anonymous_705)
FN:163,(anonymous_706)
FN:163,(anonymous_707)
FN:163,(anonymous_708)
FN:164,(anonymous_709)
FN:164,Kb
FN:164,(anonymous_711)
FN:165,(anonymous_712)
FN:165,kb
FN:165,(anonymous_714)
FN:165,r
FN:165,n
FN:165,(anonymous_717)
FN:165,(anonymous_718)
FN:166,(anonymous_719)
FN:166,(anonymous_720)
FN:166,(anonymous_721)
FN:166,(anonymous_722)
FN:166,Hd
FN:166,(anonymous_724)
FN:167,Id
FN:167,lc
FN:167,(anonymous_727)
FN:167,c
FN:167,e
FN:167,(anonymous_730)
FN:167,(anonymous_731)
FN:168,(anonymous_732)
FN:168,k
FN:168,(anonymous_734)
FN:168,l
FN:168,(anonymous_736)
FN:169,(anonymous_737)
FN:169,Gd
FN:169,b
FN:169,d
FN:169,(anonymous_741)
FN:170,Kd
FN:171,(anonymous_743)
FN:171,(anonymous_744)
FN:171,(anonymous_745)
FN:171,(anonymous_746)
FN:172,(anonymous_747)
FN:172,(anonymous_748)
FN:173,(anonymous_749)
FN:174,(anonymous_750)
FN:175,(anonymous_751)
FN:175,b
FN:175,(anonymous_753)
FN:175,(anonymous_754)
FN:175,(anonymous_755)
FN:175,(anonymous_756)
FN:176,(anonymous_757)
FN:176,(anonymous_758)
FN:176,(anonymous_759)
FN:176,(anonymous_760)
FN:176,(anonymous_761)
FN:176,(anonymous_762)
FN:177,(anonymous_763)
FN:177,(anonymous_764)
FN:177,(anonymous_765)
FN:177,(anonymous_766)
FN:178,(anonymous_767)
FN:178,a
FN:178,(anonymous_769)
FN:178,(anonymous_770)
FN:178,(anonymous_771)
FN:178,(anonymous_772)
FN:178,(anonymous_773)
FN:179,(anonymous_774)
FN:180,(anonymous_775)
FN:180,e
FN:180,(anonymous_777)
FN:180,(anonymous_778)
FN:180,(anonymous_779)
FN:180,(anonymous_780)
FN:180,(anonymous_781)
FN:180,(anonymous_782)
FN:181,(anonymous_783)
FN:181,(anonymous_784)
FN:181,(anonymous_785)
FN:181,(anonymous_786)
FN:181,(anonymous_787)
FN:182,(anonymous_788)
FN:182,(anonymous_789)
FN:182,(anonymous_790)
FN:182,(anonymous_791)
FN:182,(anonymous_792)
FN:182,(anonymous_793)
FN:182,(anonymous_794)
FN:182,(anonymous_795)
FN:183,(anonymous_796)
FN:183,(anonymous_797)
FN:183,(anonymous_798)
FN:183,(anonymous_799)
FN:183,(anonymous_800)
FN:184,(anonymous_801)
FN:184,(anonymous_802)
FN:184,(anonymous_803)
FN:184,(anonymous_804)
FN:184,(anonymous_805)
FN:184,(anonymous_806)
FN:185,(anonymous_807)
FN:185,(anonymous_808)
FN:185,(anonymous_809)
FN:185,(anonymous_810)
FN:185,d
FN:185,(anonymous_812)
FN:185,(anonymous_813)
FN:185,(anonymous_814)
FN:185,(anonymous_815)
FN:186,(anonymous_816)
FN:186,e
FN:186,(anonymous_818)
FN:186,f
FN:186,(anonymous_820)
FN:186,(anonymous_821)
FN:186,(anonymous_822)
FN:186,(anonymous_823)
FN:187,(anonymous_824)
FN:187,(anonymous_825)
FN:187,(anonymous_826)
FN:188,(anonymous_827)
FN:188,b
FN:188,(anonymous_829)
FN:188,(anonymous_830)
FN:189,(anonymous_831)
FN:189,(anonymous_832)
FN:189,(anonymous_833)
FN:189,(anonymous_834)
FN:189,(anonymous_835)
FN:189,(anonymous_836)
FN:190,(anonymous_837)
FN:190,(anonymous_838)
FN:190,(anonymous_839)
FN:190,(anonymous_840)
FN:190,(anonymous_841)
FN:190,(anonymous_842)
FN:190,(anonymous_843)
FN:190,(anonymous_844)
FN:191,(anonymous_845)
FN:191,(anonymous_846)
FN:191,(anonymous_847)
FN:191,(anonymous_848)
FN:191,f
FN:191,(anonymous_850)
FN:192,(anonymous_851)
FN:192,(anonymous_852)
FN:192,(anonymous_853)
FN:192,(anonymous_854)
FN:192,(anonymous_855)
FN:193,(anonymous_856)
FN:193,(anonymous_857)
FN:193,(anonymous_858)
FN:194,(anonymous_859)
FN:194,(anonymous_860)
FN:194,(anonymous_861)
FN:194,(anonymous_862)
FN:195,(anonymous_863)
FN:195,(anonymous_864)
FN:195,(anonymous_865)
FN:195,(anonymous_866)
FN:196,(anonymous_867)
FN:196,(anonymous_868)
FN:197,(anonymous_869)
FN:197,(anonymous_870)
FN:197,(anonymous_871)
FN:197,(anonymous_872)
FN:198,(anonymous_873)
FN:198,(anonymous_874)
FN:198,(anonymous_875)
FN:198,(anonymous_876)
FN:199,(anonymous_877)
FN:200,(anonymous_878)
FN:201,(anonymous_879)
FN:202,(anonymous_880)
FN:202,(anonymous_881)
FN:203,(anonymous_882)
FN:203,(anonymous_883)
FN:203,(anonymous_884)
FN:203,(anonymous_885)
FN:203,(anonymous_886)
FN:204,(anonymous_887)
FN:204,(anonymous_888)
FN:204,(anonymous_889)
FN:205,(anonymous_890)
FN:205,(anonymous_891)
FN:205,(anonymous_892)
FN:206,(anonymous_893)
FN:206,(anonymous_894)
FN:207,(anonymous_895)
FN:208,(anonymous_896)
FN:208,(anonymous_897)
FN:208,(anonymous_898)
FN:208,(anonymous_899)
FN:209,(anonymous_900)
FN:210,(anonymous_901)
FN:210,(anonymous_902)
FN:210,(anonymous_903)
FN:210,(anonymous_904)
FN:210,(anonymous_905)
FN:211,(anonymous_906)
FN:211,(anonymous_907)
FN:212,(anonymous_908)
FN:213,(anonymous_909)
FN:213,(anonymous_910)
FN:214,(anonymous_911)
FN:214,(anonymous_912)
FN:214,(anonymous_913)
FN:214,(anonymous_914)
FN:214,(anonymous_915)
FN:214,(anonymous_916)
FN:215,(anonymous_917)
FN:215,(anonymous_918)
FN:215,(anonymous_919)
FN:216,(anonymous_920)
FN:216,(anonymous_921)
FN:217,(anonymous_922)
FN:217,(anonymous_923)
FN:218,(anonymous_924)
FN:218,(anonymous_925)
FN:219,(anonymous_926)
FN:220,(anonymous_927)
FN:220,(anonymous_928)
FN:220,(anonymous_929)
FN:220,(anonymous_930)
FN:220,(anonymous_931)
FN:221,(anonymous_932)
FN:221,(anonymous_933)
FN:221,(anonymous_934)
FN:221,(anonymous_935)
FN:221,(anonymous_936)
FN:222,(anonymous_937)
FN:222,(anonymous_938)
FN:222,(anonymous_939)
FN:223,(anonymous_940)
FN:223,(anonymous_941)
FN:223,(anonymous_942)
FN:223,(anonymous_943)
FN:223,(anonymous_944)
FN:223,(anonymous_945)
FN:224,(anonymous_946)
FN:224,(anonymous_947)
FN:224,(anonymous_948)
FN:224,(anonymous_949)
FN:224,(anonymous_950)
FN:224,(anonymous_951)
FN:224,(anonymous_952)
FN:225,(anonymous_953)
FN:225,(anonymous_954)
FN:225,(anonymous_955)
FN:225,(anonymous_956)
FN:225,(anonymous_957)
FN:225,(anonymous_958)
FN:225,(anonymous_959)
FN:226,(anonymous_960)
FN:226,(anonymous_961)
FN:226,(anonymous_962)
FN:226,(anonymous_963)
FN:226,(anonymous_964)
FN:226,(anonymous_965)
FN:227,(anonymous_966)
FN:227,(anonymous_967)
FN:227,(anonymous_968)
FN:227,(anonymous_969)
FN:227,(anonymous_970)
FN:228,(anonymous_971)
FN:228,(anonymous_972)
FN:228,(anonymous_973)
FN:228,(anonymous_974)
FN:228,(anonymous_975)
FN:230,(anonymous_976)
FN:230,(anonymous_977)
FN:230,(anonymous_978)
FN:231,(anonymous_979)
FN:231,(anonymous_980)
FN:232,(anonymous_981)
FN:232,(anonymous_982)
FN:232,(anonymous_983)
FN:232,(anonymous_984)
FN:232,(anonymous_985)
FN:232,(anonymous_986)
FN:233,(anonymous_987)
FN:233,(anonymous_988)
FN:233,(anonymous_989)
FN:233,(anonymous_990)
FN:233,(anonymous_991)
FN:233,(anonymous_992)
FN:233,(anonymous_993)
FN:233,(anonymous_994)
FN:233,(anonymous_995)
FN:233,(anonymous_996)
FN:234,(anonymous_997)
FN:234,(anonymous_998)
FN:234,(anonymous_999)
FN:234,(anonymous_1000)
FN:234,(anonymous_1001)
FN:234,(anonymous_1002)
FN:234,(anonymous_1003)
FN:234,(anonymous_1004)
FN:234,(anonymous_1005)
FN:234,(anonymous_1006)
FN:235,(anonymous_1007)
FN:235,(anonymous_1008)
FN:235,(anonymous_1009)
FN:235,(anonymous_1010)
FN:235,(anonymous_1011)
FN:235,(anonymous_1012)
FN:235,(anonymous_1013)
FN:235,(anonymous_1014)
FN:235,(anonymous_1015)
FN:235,(anonymous_1016)
FN:235,(anonymous_1017)
FN:236,(anonymous_1018)
FN:236,(anonymous_1019)
FN:236,(anonymous_1020)
FN:236,(anonymous_1021)
FN:236,(anonymous_1022)
FN:236,(anonymous_1023)
FN:236,(anonymous_1024)
FN:236,(anonymous_1025)
FN:236,(anonymous_1026)
FN:236,(anonymous_1027)
FN:237,(anonymous_1028)
FN:237,(anonymous_1029)
FN:237,(anonymous_1030)
FN:237,(anonymous_1031)
FN:237,(anonymous_1032)
FN:238,(anonymous_1033)
FN:238,(anonymous_1034)
FN:238,(anonymous_1035)
FN:239,(anonymous_1036)
FN:240,(anonymous_1037)
FN:240,(anonymous_1038)
FN:240,(anonymous_1039)
FN:240,(anonymous_1040)
FN:241,(anonymous_1041)
FN:241,(anonymous_1042)
FN:241,d
FN:241,(anonymous_1044)
FN:241,(anonymous_1045)
FN:241,(anonymous_1046)
FN:241,(anonymous_1047)
FN:241,(anonymous_1048)
FN:241,(anonymous_1049)
FN:242,(anonymous_1050)
FN:242,(anonymous_1051)
FN:242,(anonymous_1052)
FN:242,(anonymous_1053)
FN:242,(anonymous_1054)
FN:243,(anonymous_1055)
FN:243,(anonymous_1056)
FN:243,(anonymous_1057)
FN:243,c
FN:243,(anonymous_1059)
FN:244,(anonymous_1060)
FN:244,(anonymous_1061)
FN:244,(anonymous_1062)
FN:244,(anonymous_1063)
FN:244,(anonymous_1064)
FN:244,(anonymous_1065)
FN:244,(anonymous_1066)
FN:246,(anonymous_1067)
FN:246,(anonymous_1068)
FN:247,(anonymous_1069)
FN:247,(anonymous_1070)
FN:247,(anonymous_1071)
FN:247,(anonymous_1072)
FN:248,(anonymous_1073)
FN:248,(anonymous_1074)
FN:248,(anonymous_1075)
FN:248,(anonymous_1076)
FN:248,(anonymous_1077)
FN:248,(anonymous_1078)
FN:249,(anonymous_1079)
FN:249,(anonymous_1080)
FN:249,(anonymous_1081)
FN:249,(anonymous_1082)
FN:249,(anonymous_1083)
FN:249,(anonymous_1084)
FN:250,(anonymous_1085)
FN:250,(anonymous_1086)
FN:250,(anonymous_1087)
FN:250,(anonymous_1088)
FN:250,(anonymous_1089)
FN:250,(anonymous_1090)
FN:250,(anonymous_1091)
FN:250,(anonymous_1092)
FN:251,(anonymous_1093)
FN:251,(anonymous_1094)
FN:251,(anonymous_1095)
FN:251,(anonymous_1096)
FN:251,(anonymous_1097)
FN:251,(anonymous_1098)
FN:251,(anonymous_1099)
FN:251,(anonymous_1100)
FN:251,(anonymous_1101)
FN:251,(anonymous_1102)
FN:252,(anonymous_1103)
FN:252,(anonymous_1104)
FN:252,(anonymous_1105)
FN:252,(anonymous_1106)
FN:252,(anonymous_1107)
FN:252,(anonymous_1108)
FN:252,(anonymous_1109)
FN:252,(anonymous_1110)
FN:253,(anonymous_1111)
FN:253,(anonymous_1112)
FN:253,(anonymous_1113)
FN:253,(anonymous_1114)
FN:253,(anonymous_1115)
FN:254,(anonymous_1116)
FN:254,(anonymous_1117)
FN:254,(anonymous_1118)
FN:254,(anonymous_1119)
FN:254,(anonymous_1120)
FN:254,(anonymous_1121)
FN:254,(anonymous_1122)
FN:255,(anonymous_1123)
FN:255,(anonymous_1124)
FN:255,(anonymous_1125)
FN:255,(anonymous_1126)
FN:255,(anonymous_1127)
FN:255,(anonymous_1128)
FN:255,(anonymous_1129)
FN:255,(anonymous_1130)
FN:256,(anonymous_1131)
FN:256,(anonymous_1132)
FN:256,(anonymous_1133)
FN:256,(anonymous_1134)
FN:256,(anonymous_1135)
FN:256,(anonymous_1136)
FN:257,(anonymous_1137)
FN:257,(anonymous_1138)
FN:257,(anonymous_1139)
FN:257,(anonymous_1140)
FN:257,(anonymous_1141)
FN:257,(anonymous_1142)
FN:257,(anonymous_1143)
FN:257,(anonymous_1144)
FN:258,(anonymous_1145)
FN:259,(anonymous_1146)
FN:259,(anonymous_1147)
FN:259,(anonymous_1148)
FN:260,(anonymous_1149)
FN:260,(anonymous_1150)
FN:260,(anonymous_1151)
FN:260,(anonymous_1152)
FN:260,(anonymous_1153)
FN:260,(anonymous_1154)
FN:260,(anonymous_1155)
FN:261,(anonymous_1156)
FN:261,(anonymous_1157)
FN:261,(anonymous_1158)
FN:261,(anonymous_1159)
FN:261,d
FN:262,(anonymous_1161)
FN:262,(anonymous_1162)
FN:262,e
FN:262,(anonymous_1164)
FN:262,(anonymous_1165)
FN:262,(anonymous_1166)
FN:262,(anonymous_1167)
FN:262,f
FN:262,g
FN:262,(anonymous_1170)
FN:263,(anonymous_1171)
FN:263,(anonymous_1172)
FN:263,(anonymous_1173)
FN:263,(anonymous_1174)
FN:264,(anonymous_1175)
FN:264,(anonymous_1176)
FN:264,(anonymous_1177)
FN:264,(anonymous_1178)
FN:265,(anonymous_1179)
FN:265,(anonymous_1180)
FN:265,(anonymous_1181)
FN:265,(anonymous_1182)
FN:266,(anonymous_1183)
FN:266,(anonymous_1184)
FN:266,(anonymous_1185)
FN:266,(anonymous_1186)
FN:267,(anonymous_1187)
FN:267,(anonymous_1188)
FN:267,(anonymous_1189)
FN:267,(anonymous_1190)
FN:267,(anonymous_1191)
FN:267,(anonymous_1192)
FN:268,(anonymous_1193)
FN:268,(anonymous_1194)
FN:269,d
FN:269,e
FN:269,l
FN:269,(anonymous_1198)
FN:269,(anonymous_1199)
FN:269,(anonymous_1200)
FN:270,(anonymous_1201)
FN:270,(anonymous_1202)
FN:270,(anonymous_1203)
FN:270,(anonymous_1204)
FN:271,(anonymous_1205)
FN:271,(anonymous_1206)
FN:271,(anonymous_1207)
FN:271,(anonymous_1208)
FN:271,l
FN:272,m
FN:272,r
FN:272,q
FN:272,s
FN:272,(anonymous_1214)
FN:273,(anonymous_1215)
FN:274,(anonymous_1216)
FN:274,(anonymous_1217)
FN:274,(anonymous_1218)
FN:274,(anonymous_1219)
FN:274,(anonymous_1220)
FN:274,(anonymous_1221)
FN:275,(anonymous_1222)
FN:275,(anonymous_1223)
FN:275,(anonymous_1224)
FN:275,(anonymous_1225)
FN:276,(anonymous_1226)
FN:276,(anonymous_1227)
FN:276,(anonymous_1228)
FN:276,(anonymous_1229)
FN:276,(anonymous_1230)
FN:277,k
FN:277,(anonymous_1232)
FN:277,(anonymous_1233)
FN:277,(anonymous_1234)
FN:278,(anonymous_1235)
FN:278,(anonymous_1236)
FN:278,(anonymous_1237)
FN:279,(anonymous_1238)
FN:279,(anonymous_1239)
FN:279,(anonymous_1240)
FN:279,(anonymous_1241)
FN:280,(anonymous_1242)
FN:280,(anonymous_1243)
FN:281,(anonymous_1244)
FN:281,(anonymous_1245)
FN:281,(anonymous_1246)
FN:281,(anonymous_1247)
FN:282,(anonymous_1248)
FN:282,(anonymous_1249)
FN:282,(anonymous_1250)
FN:282,(anonymous_1251)
FN:282,(anonymous_1252)
FN:282,(anonymous_1253)
FN:282,(anonymous_1254)
FN:282,(anonymous_1255)
FN:282,(anonymous_1256)
FN:283,(anonymous_1257)
FN:283,(anonymous_1258)
FN:283,(anonymous_1259)
FN:283,(anonymous_1260)
FN:283,(anonymous_1261)
FN:284,(anonymous_1262)
FN:284,(anonymous_1263)
FN:284,(anonymous_1264)
FN:284,(anonymous_1265)
FN:285,(anonymous_1266)
FN:285,(anonymous_1267)
FN:285,(anonymous_1268)
FN:285,(anonymous_1269)
FN:285,(anonymous_1270)
FN:286,(anonymous_1271)
FN:286,(anonymous_1272)
FN:286,(anonymous_1273)
FN:286,(anonymous_1274)
FN:287,(anonymous_1275)
FN:287,(anonymous_1276)
FN:287,(anonymous_1277)
FN:287,(anonymous_1278)
FN:287,(anonymous_1279)
FN:287,(anonymous_1280)
FN:287,(anonymous_1281)
FN:288,(anonymous_1282)
FN:288,(anonymous_1283)
FN:288,(anonymous_1284)
FN:288,(anonymous_1285)
FN:288,(anonymous_1286)
FN:288,(anonymous_1287)
FN:288,(anonymous_1288)
FN:288,(anonymous_1289)
FN:288,(anonymous_1290)
FN:289,(anonymous_1291)
FN:289,(anonymous_1292)
FN:289,(anonymous_1293)
FN:289,(anonymous_1294)
FN:289,(anonymous_1295)
FN:290,(anonymous_1296)
FN:290,(anonymous_1297)
FN:290,(anonymous_1298)
FN:290,(anonymous_1299)
FN:290,(anonymous_1300)
FN:290,(anonymous_1301)
FN:290,(anonymous_1302)
FN:291,(anonymous_1303)
FN:291,(anonymous_1304)
FN:291,(anonymous_1305)
FN:291,(anonymous_1306)
FN:291,(anonymous_1307)
FN:291,(anonymous_1308)
FN:291,(anonymous_1309)
FN:291,(anonymous_1310)
FN:292,(anonymous_1311)
FN:292,b
FN:294,(anonymous_1313)
FN:294,(anonymous_1314)
FNF:1314
FNH:0
FNDA:0,(anonymous_1)
FNDA:0,G
FNDA:0,(anonymous_3)
FNDA:0,za
FNDA:0,n
FNDA:0,oc
FNDA:0,pc
FNDA:0,(anonymous_8)
FNDA:0,Td
FNDA:0,Mb
FNDA:0,M
FNDA:0,Ud
FNDA:0,ea
FNDA:0,Ob
FNDA:0,x
FNDA:0,Ya
FNDA:0,na
FNDA:0,(anonymous_18)
FNDA:0,qc
FNDA:0,q
FNDA:0,y
FNDA:0,H
FNDA:0,nc
FNDA:0,E
FNDA:0,Q
FNDA:0,da
FNDA:0,z
FNDA:0,Ma
FNDA:0,Xa
FNDA:0,Za
FNDA:0,$a
FNDA:0,sc
FNDA:0,Nb
FNDA:0,Wd
FNDA:0,ta
FNDA:0,ab
FNDA:0,bb
FNDA:0,d
FNDA:0,c
FNDA:0,(anonymous_40)
FNDA:0,ia
FNDA:0,ma
FNDA:0,cb
FNDA:0,tc
FNDA:0,(anonymous_45)
FNDA:0,(anonymous_46)
FNDA:0,Xd
FNDA:0,db
FNDA:0,uc
FNDA:0,vc
FNDA:0,Pb
FNDA:0,ua
FNDA:0,(anonymous_53)
FNDA:0,wc
FNDA:0,xc
FNDA:0,(anonymous_56)
FNDA:0,Qb
FNDA:0,(anonymous_58)
FNDA:0,(anonymous_59)
FNDA:0,ob
FNDA:0,ja
FNDA:0,Yd
FNDA:0,Zd
FNDA:0,(anonymous_64)
FNDA:0,(anonymous_65)
FNDA:0,yc
FNDA:0,(anonymous_67)
FNDA:0,(anonymous_68)
FNDA:0,(anonymous_69)
FNDA:0,(anonymous_70)
FNDA:0,(anonymous_71)
FNDA:0,(anonymous_72)
FNDA:0,(anonymous_73)
FNDA:0,$d
FNDA:0,ae
FNDA:0,zc
FNDA:0,(anonymous_77)
FNDA:0,ce
FNDA:0,(anonymous_79)
FNDA:0,qb
FNDA:0,Qa
FNDA:0,Ra
FNDA:0,Bc
FNDA:0,rb
FNDA:0,$
FNDA:0,de
FNDA:0,b
FNDA:0,(anonymous_88)
FNDA:0,(anonymous_89)
FNDA:0,(anonymous_90)
FNDA:0,a
FNDA:0,(anonymous_92)
FNDA:0,b
FNDA:0,(anonymous_94)
FNDA:0,(anonymous_95)
FNDA:0,ee
FNDA:0,(anonymous_97)
FNDA:0,fb
FNDA:0,(anonymous_99)
FNDA:0,Kc
FNDA:0,Lc
FNDA:0,(anonymous_102)
FNDA:0,N
FNDA:0,Vb
FNDA:0,ub
FNDA:0,Nc
FNDA:0,(anonymous_107)
FNDA:0,(anonymous_108)
FNDA:0,vb
FNDA:0,wb
FNDA:0,Wb
FNDA:0,yb
FNDA:0,zb
FNDA:0,(anonymous_114)
FNDA:0,Ab
FNDA:0,(anonymous_116)
FNDA:0,Mc
FNDA:0,Oc
FNDA:0,Bb
FNDA:0,Pc
FNDA:0,Xb
FNDA:0,Gf
FNDA:0,Qc
FNDA:0,Hf
FNDA:0,(anonymous_125)
FNDA:0,(anonymous_126)
FNDA:0,(anonymous_127)
FNDA:0,(anonymous_128)
FNDA:0,If
FNDA:0,Jf
FNDA:0,xf
FNDA:0,(anonymous_132)
FNDA:0,(anonymous_133)
FNDA:0,(anonymous_134)
FNDA:0,(anonymous_135)
FNDA:0,Ca
FNDA:0,Sa
FNDA:0,(anonymous_138)
FNDA:0,Lf
FNDA:0,eb
FNDA:0,d
FNDA:0,(anonymous_142)
FNDA:0,c
FNDA:0,e
FNDA:0,(anonymous_145)
FNDA:0,f
FNDA:0,g
FNDA:0,(anonymous_148)
FNDA:0,d
FNDA:0,h
FNDA:0,d
FNDA:0,e
FNDA:0,(anonymous_153)
FNDA:0,(anonymous_154)
FNDA:0,(anonymous_155)
FNDA:0,(anonymous_156)
FNDA:0,(anonymous_157)
FNDA:0,(anonymous_158)
FNDA:0,(anonymous_159)
FNDA:0,(anonymous_160)
FNDA:0,(anonymous_161)
FNDA:0,(anonymous_162)
FNDA:0,(anonymous_163)
FNDA:0,Qe
FNDA:0,(anonymous_165)
FNDA:0,(anonymous_166)
FNDA:0,e
FNDA:0,(anonymous_168)
FNDA:0,f
FNDA:0,g
FNDA:0,(anonymous_171)
FNDA:0,(anonymous_172)
FNDA:0,(anonymous_173)
FNDA:0,hb
FNDA:0,Mf
FNDA:0,(anonymous_176)
FNDA:0,Ea
FNDA:0,Nf
FNDA:0,e
FNDA:0,f
FNDA:0,g
FNDA:0,h
FNDA:0,(anonymous_183)
FNDA:0,(anonymous_184)
FNDA:0,(anonymous_185)
FNDA:0,(anonymous_186)
FNDA:0,(anonymous_187)
FNDA:0,(anonymous_188)
FNDA:0,(anonymous_189)
FNDA:0,(anonymous_190)
FNDA:0,(anonymous_191)
FNDA:0,(anonymous_192)
FNDA:0,(anonymous_193)
FNDA:0,Ve
FNDA:0,(anonymous_195)
FNDA:0,We
FNDA:0,(anonymous_197)
FNDA:0,a
FNDA:0,e
FNDA:0,f
FNDA:0,(anonymous_201)
FNDA:0,(anonymous_202)
FNDA:0,(anonymous_203)
FNDA:0,(anonymous_204)
FNDA:0,(anonymous_205)
FNDA:0,(anonymous_206)
FNDA:0,(anonymous_207)
FNDA:0,(anonymous_208)
FNDA:0,(anonymous_209)
FNDA:0,rf
FNDA:0,(anonymous_211)
FNDA:0,Cc
FNDA:0,d
FNDA:0,(anonymous_214)
FNDA:0,c
FNDA:0,t
FNDA:0,(anonymous_217)
FNDA:0,(anonymous_218)
FNDA:0,(anonymous_219)
FNDA:0,(anonymous_220)
FNDA:0,(anonymous_221)
FNDA:0,(anonymous_222)
FNDA:0,J
FNDA:0,K
FNDA:0,(anonymous_225)
FNDA:0,(anonymous_226)
FNDA:0,O
FNDA:0,g
FNDA:0,R
FNDA:0,(anonymous_230)
FNDA:0,V
FNDA:0,(anonymous_232)
FNDA:0,Ta
FNDA:0,s
FNDA:0,(anonymous_235)
FNDA:0,Z
FNDA:0,t
FNDA:0,p
FNDA:0,w
FNDA:0,D
FNDA:0,k
FNDA:0,y
FNDA:0,P
FNDA:0,G
FNDA:0,S
FNDA:0,(anonymous_246)
FNDA:0,(anonymous_247)
FNDA:0,Of
FNDA:0,(anonymous_249)
FNDA:0,(anonymous_250)
FNDA:0,(anonymous_251)
FNDA:0,Ia
FNDA:0,Ua
FNDA:0,e
FNDA:0,N
FNDA:0,(anonymous_256)
FNDA:0,(anonymous_257)
FNDA:0,(anonymous_258)
FNDA:0,Yb
FNDA:0,Q
FNDA:0,W
FNDA:0,(anonymous_262)
FNDA:0,(anonymous_263)
FNDA:0,(anonymous_264)
FNDA:0,Y
FNDA:0,ca
FNDA:0,(anonymous_267)
FNDA:0,ea
FNDA:0,ba
FNDA:0,(anonymous_270)
FNDA:0,(anonymous_271)
FNDA:0,(anonymous_272)
FNDA:0,(anonymous_273)
FNDA:0,(anonymous_274)
FNDA:0,(anonymous_275)
FNDA:0,(anonymous_276)
FNDA:0,(anonymous_277)
FNDA:0,(anonymous_278)
FNDA:0,(anonymous_279)
FNDA:0,(anonymous_280)
FNDA:0,(anonymous_281)
FNDA:0,(anonymous_282)
FNDA:0,(anonymous_283)
FNDA:0,(anonymous_284)
FNDA:0,(anonymous_285)
FNDA:0,(anonymous_286)
FNDA:0,(anonymous_287)
FNDA:0,(anonymous_288)
FNDA:0,(anonymous_289)
FNDA:0,(anonymous_290)
FNDA:0,va
FNDA:0,Yc
FNDA:0,Xc
FNDA:0,Xe
FNDA:0,(anonymous_295)
FNDA:0,(anonymous_296)
FNDA:0,(anonymous_297)
FNDA:0,e
FNDA:0,(anonymous_299)
FNDA:0,(anonymous_300)
FNDA:0,Ye
FNDA:0,(anonymous_302)
FNDA:0,Ze
FNDA:0,(anonymous_304)
FNDA:0,(anonymous_305)
FNDA:0,Zb
FNDA:0,df
FNDA:0,(anonymous_308)
FNDA:0,(anonymous_309)
FNDA:0,(anonymous_310)
FNDA:0,(anonymous_311)
FNDA:0,ef
FNDA:0,(anonymous_313)
FNDA:0,(anonymous_314)
FNDA:0,b
FNDA:0,(anonymous_316)
FNDA:0,(anonymous_317)
FNDA:0,$b
FNDA:0,ad
FNDA:0,(anonymous_320)
FNDA:0,(anonymous_321)
FNDA:0,bd
FNDA:0,(anonymous_323)
FNDA:0,cd
FNDA:0,(anonymous_325)
FNDA:0,cf
FNDA:0,(anonymous_327)
FNDA:0,(anonymous_328)
FNDA:0,(anonymous_329)
FNDA:0,(anonymous_330)
FNDA:0,m
FNDA:0,c
FNDA:0,e
FNDA:0,(anonymous_334)
FNDA:0,(anonymous_335)
FNDA:0,(anonymous_336)
FNDA:0,(anonymous_337)
FNDA:0,(anonymous_338)
FNDA:0,(anonymous_339)
FNDA:0,(anonymous_340)
FNDA:0,(anonymous_341)
FNDA:0,r
FNDA:0,g
FNDA:0,f
FNDA:0,l
FNDA:0,r
FNDA:0,v
FNDA:0,t
FNDA:0,(anonymous_349)
FNDA:0,(anonymous_350)
FNDA:0,(anonymous_351)
FNDA:0,(anonymous_352)
FNDA:0,(anonymous_353)
FNDA:0,(anonymous_354)
FNDA:0,(anonymous_355)
FNDA:0,gf
FNDA:0,(anonymous_357)
FNDA:0,(anonymous_358)
FNDA:0,ff
FNDA:0,(anonymous_360)
FNDA:0,Uf
FNDA:0,f
FNDA:0,(anonymous_363)
FNDA:0,(anonymous_364)
FNDA:0,v
FNDA:0,T
FNDA:0,(anonymous_367)
FNDA:0,(anonymous_368)
FNDA:0,(anonymous_369)
FNDA:0,(anonymous_370)
FNDA:0,(anonymous_371)
FNDA:0,af
FNDA:0,(anonymous_373)
FNDA:0,(anonymous_374)
FNDA:0,(anonymous_375)
FNDA:0,f
FNDA:0,g
FNDA:0,h
FNDA:0,p
FNDA:0,(anonymous_380)
FNDA:0,(anonymous_381)
FNDA:0,(anonymous_382)
FNDA:0,(anonymous_383)
FNDA:0,(anonymous_384)
FNDA:0,(anonymous_385)
FNDA:0,bf
FNDA:0,(anonymous_387)
FNDA:0,e
FNDA:0,(anonymous_389)
FNDA:0,(anonymous_390)
FNDA:0,(anonymous_391)
FNDA:0,bc
FNDA:0,fd
FNDA:0,gd
FNDA:0,pa
FNDA:0,Fa
FNDA:0,ib
FNDA:0,cc
FNDA:0,(anonymous_399)
FNDA:0,(anonymous_400)
FNDA:0,(anonymous_401)
FNDA:0,dc
FNDA:0,(anonymous_403)
FNDA:0,(anonymous_404)
FNDA:0,(anonymous_405)
FNDA:0,hd
FNDA:0,(anonymous_407)
FNDA:0,(anonymous_408)
FNDA:0,Eb
FNDA:0,(anonymous_410)
FNDA:0,id
FNDA:0,(anonymous_412)
FNDA:0,hf
FNDA:0,(anonymous_414)
FNDA:0,(anonymous_415)
FNDA:0,(anonymous_416)
FNDA:0,h
FNDA:0,k
FNDA:0,(anonymous_419)
FNDA:0,(anonymous_420)
FNDA:0,(anonymous_421)
FNDA:0,(anonymous_422)
FNDA:0,(anonymous_423)
FNDA:0,jf
FNDA:0,(anonymous_425)
FNDA:0,(anonymous_426)
FNDA:0,c
FNDA:0,e
FNDA:0,(anonymous_429)
FNDA:0,(anonymous_430)
FNDA:0,(anonymous_431)
FNDA:0,(anonymous_432)
FNDA:0,(anonymous_433)
FNDA:0,Va
FNDA:0,jd
FNDA:0,xa
FNDA:0,kd
FNDA:0,ld
FNDA:0,Zf
FNDA:0,md
FNDA:0,W
FNDA:0,(anonymous_442)
FNDA:0,(anonymous_443)
FNDA:0,(anonymous_444)
FNDA:0,(anonymous_445)
FNDA:0,nd
FNDA:0,od
FNDA:0,pd
FNDA:0,qd
FNDA:0,rd
FNDA:0,sd
FNDA:0,Fb
FNDA:0,ec
FNDA:0,kf
FNDA:0,(anonymous_455)
FNDA:0,c
FNDA:0,e
FNDA:0,(anonymous_458)
FNDA:0,(anonymous_459)
FNDA:0,f
FNDA:0,(anonymous_461)
FNDA:0,(anonymous_462)
FNDA:0,(anonymous_463)
FNDA:0,g
FNDA:0,e
FNDA:0,(anonymous_466)
FNDA:0,(anonymous_467)
FNDA:0,(anonymous_468)
FNDA:0,(anonymous_469)
FNDA:0,h
FNDA:0,(anonymous_471)
FNDA:0,(anonymous_472)
FNDA:0,k
FNDA:0,(anonymous_474)
FNDA:0,(anonymous_475)
FNDA:0,(anonymous_476)
FNDA:0,mf
FNDA:0,(anonymous_478)
FNDA:0,(anonymous_479)
FNDA:0,nf
FNDA:0,(anonymous_481)
FNDA:0,(anonymous_482)
FNDA:0,td
FNDA:0,d
FNDA:0,d
FNDA:0,(anonymous_486)
FNDA:0,c
FNDA:0,e
FNDA:0,(anonymous_489)
FNDA:0,f
FNDA:0,(anonymous_491)
FNDA:0,g
FNDA:0,(anonymous_493)
FNDA:0,(anonymous_494)
FNDA:0,(anonymous_495)
FNDA:0,(anonymous_496)
FNDA:0,(anonymous_497)
FNDA:0,(anonymous_498)
FNDA:0,(anonymous_499)
FNDA:0,(anonymous_500)
FNDA:0,(anonymous_501)
FNDA:0,(anonymous_502)
FNDA:0,(anonymous_503)
FNDA:0,(anonymous_504)
FNDA:0,(anonymous_505)
FNDA:0,(anonymous_506)
FNDA:0,(anonymous_507)
FNDA:0,(anonymous_508)
FNDA:0,A
FNDA:0,(anonymous_510)
FNDA:0,(anonymous_511)
FNDA:0,(anonymous_512)
FNDA:0,(anonymous_513)
FNDA:0,(anonymous_514)
FNDA:0,(anonymous_515)
FNDA:0,(anonymous_516)
FNDA:0,(anonymous_517)
FNDA:0,wf
FNDA:0,(anonymous_519)
FNDA:0,(anonymous_520)
FNDA:0,(anonymous_521)
FNDA:0,(anonymous_522)
FNDA:0,(anonymous_523)
FNDA:0,lf
FNDA:0,a
FNDA:0,b
FNDA:0,(anonymous_527)
FNDA:0,(anonymous_528)
FNDA:0,l
FNDA:0,m
FNDA:0,r
FNDA:0,t
FNDA:0,A
FNDA:0,v
FNDA:0,s
FNDA:0,p
FNDA:0,C
FNDA:0,(anonymous_538)
FNDA:0,(anonymous_539)
FNDA:0,(anonymous_540)
FNDA:0,(anonymous_541)
FNDA:0,(anonymous_542)
FNDA:0,c
FNDA:0,(anonymous_544)
FNDA:0,(anonymous_545)
FNDA:0,(anonymous_546)
FNDA:0,(anonymous_547)
FNDA:0,(anonymous_548)
FNDA:0,(anonymous_549)
FNDA:0,(anonymous_550)
FNDA:0,c
FNDA:0,(anonymous_552)
FNDA:0,(anonymous_553)
FNDA:0,(anonymous_554)
FNDA:0,(anonymous_555)
FNDA:0,(anonymous_556)
FNDA:0,(anonymous_557)
FNDA:0,(anonymous_558)
FNDA:0,(anonymous_559)
FNDA:0,(anonymous_560)
FNDA:0,(anonymous_561)
FNDA:0,b
FNDA:0,(anonymous_563)
FNDA:0,(anonymous_564)
FNDA:0,(anonymous_565)
FNDA:0,(anonymous_566)
FNDA:0,(anonymous_567)
FNDA:0,(anonymous_568)
FNDA:0,(anonymous_569)
FNDA:0,ge
FNDA:0,(anonymous_571)
FNDA:0,(anonymous_572)
FNDA:0,(anonymous_573)
FNDA:0,(anonymous_574)
FNDA:0,ag
FNDA:0,vd
FNDA:0,(anonymous_577)
FNDA:0,pf
FNDA:0,(anonymous_579)
FNDA:0,(anonymous_580)
FNDA:0,(anonymous_581)
FNDA:0,c
FNDA:0,e
FNDA:0,(anonymous_584)
FNDA:0,(anonymous_585)
FNDA:0,(anonymous_586)
FNDA:0,(anonymous_587)
FNDA:0,(anonymous_588)
FNDA:0,(anonymous_589)
FNDA:0,(anonymous_590)
FNDA:0,(anonymous_591)
FNDA:0,of
FNDA:0,(anonymous_593)
FNDA:0,(anonymous_594)
FNDA:0,(anonymous_595)
FNDA:0,(anonymous_596)
FNDA:0,(anonymous_597)
FNDA:0,(anonymous_598)
FNDA:0,(anonymous_599)
FNDA:0,(anonymous_600)
FNDA:0,(anonymous_601)
FNDA:0,(anonymous_602)
FNDA:0,qf
FNDA:0,(anonymous_604)
FNDA:0,(anonymous_605)
FNDA:0,sf
FNDA:0,(anonymous_607)
FNDA:0,e
FNDA:0,(anonymous_609)
FNDA:0,(anonymous_610)
FNDA:0,(anonymous_611)
FNDA:0,(anonymous_612)
FNDA:0,tf
FNDA:0,(anonymous_614)
FNDA:0,(anonymous_615)
FNDA:0,(anonymous_616)
FNDA:0,(anonymous_617)
FNDA:0,(anonymous_618)
FNDA:0,(anonymous_619)
FNDA:0,(anonymous_620)
FNDA:0,(anonymous_621)
FNDA:0,uf
FNDA:0,(anonymous_623)
FNDA:0,f
FNDA:0,(anonymous_625)
FNDA:0,(anonymous_626)
FNDA:0,wa
FNDA:0,ed
FNDA:0,vf
FNDA:0,xd
FNDA:0,b
FNDA:0,(anonymous_632)
FNDA:0,zf
FNDA:0,Jc
FNDA:0,b
FNDA:0,(anonymous_636)
FNDA:0,(anonymous_637)
FNDA:0,(anonymous_638)
FNDA:0,bg
FNDA:0,(anonymous_640)
FNDA:0,gg
FNDA:0,(anonymous_642)
FNDA:0,(anonymous_643)
FNDA:0,Ka
FNDA:0,(anonymous_645)
FNDA:0,hc
FNDA:0,yd
FNDA:0,(anonymous_648)
FNDA:0,Ad
FNDA:0,(anonymous_650)
FNDA:0,Cd
FNDA:0,Gb
FNDA:0,ca
FNDA:0,(anonymous_654)
FNDA:0,Hb
FNDA:0,(anonymous_656)
FNDA:0,Dd
FNDA:0,Ed
FNDA:0,(anonymous_659)
FNDA:0,jc
FNDA:0,zd
FNDA:0,b
FNDA:0,(anonymous_663)
FNDA:0,(anonymous_664)
FNDA:0,cg
FNDA:0,(anonymous_666)
FNDA:0,dg
FNDA:0,(anonymous_668)
FNDA:0,Bd
FNDA:0,b
FNDA:0,(anonymous_671)
FNDA:0,(anonymous_672)
FNDA:0,d
FNDA:0,(anonymous_674)
FNDA:0,(anonymous_675)
FNDA:0,(anonymous_676)
FNDA:0,(anonymous_677)
FNDA:0,(anonymous_678)
FNDA:0,(anonymous_679)
FNDA:0,La
FNDA:0,Fd
FNDA:0,(anonymous_682)
FNDA:0,(anonymous_683)
FNDA:0,(anonymous_684)
FNDA:0,(anonymous_685)
FNDA:0,(anonymous_686)
FNDA:0,(anonymous_687)
FNDA:0,(anonymous_688)
FNDA:0,(anonymous_689)
FNDA:0,(anonymous_690)
FNDA:0,(anonymous_691)
FNDA:0,(anonymous_692)
FNDA:0,(anonymous_693)
FNDA:0,(anonymous_694)
FNDA:0,(anonymous_695)
FNDA:0,(anonymous_696)
FNDA:0,(anonymous_697)
FNDA:0,(anonymous_698)
FNDA:0,(anonymous_699)
FNDA:0,kc
FNDA:0,(anonymous_701)
FNDA:0,jb
FNDA:0,(anonymous_703)
FNDA:0,(anonymous_704)
FNDA:0,(anonymous_705)
FNDA:0,(anonymous_706)
FNDA:0,(anonymous_707)
FNDA:0,(anonymous_708)
FNDA:0,(anonymous_709)
FNDA:0,Kb
FNDA:0,(anonymous_711)
FNDA:0,(anonymous_712)
FNDA:0,kb
FNDA:0,(anonymous_714)
FNDA:0,r
FNDA:0,n
FNDA:0,(anonymous_717)
FNDA:0,(anonymous_718)
FNDA:0,(anonymous_719)
FNDA:0,(anonymous_720)
FNDA:0,(anonymous_721)
FNDA:0,(anonymous_722)
FNDA:0,Hd
FNDA:0,(anonymous_724)
FNDA:0,Id
FNDA:0,lc
FNDA:0,(anonymous_727)
FNDA:0,c
FNDA:0,e
FNDA:0,(anonymous_730)
FNDA:0,(anonymous_731)
FNDA:0,(anonymous_732)
FNDA:0,k
FNDA:0,(anonymous_734)
FNDA:0,l
FNDA:0,(anonymous_736)
FNDA:0,(anonymous_737)
FNDA:0,Gd
FNDA:0,b
FNDA:0,d
FNDA:0,(anonymous_741)
FNDA:0,Kd
FNDA:0,(anonymous_743)
FNDA:0,(anonymous_744)
FNDA:0,(anonymous_745)
FNDA:0,(anonymous_746)
FNDA:0,(anonymous_747)
FNDA:0,(anonymous_748)
FNDA:0,(anonymous_749)
FNDA:0,(anonymous_750)
FNDA:0,(anonymous_751)
FNDA:0,b
FNDA:0,(anonymous_753)
FNDA:0,(anonymous_754)
FNDA:0,(anonymous_755)
FNDA:0,(anonymous_756)
FNDA:0,(anonymous_757)
FNDA:0,(anonymous_758)
FNDA:0,(anonymous_759)
FNDA:0,(anonymous_760)
FNDA:0,(anonymous_761)
FNDA:0,(anonymous_762)
FNDA:0,(anonymous_763)
FNDA:0,(anonymous_764)
FNDA:0,(anonymous_765)
FNDA:0,(anonymous_766)
FNDA:0,(anonymous_767)
FNDA:0,a
FNDA:0,(anonymous_769)
FNDA:0,(anonymous_770)
FNDA:0,(anonymous_771)
FNDA:0,(anonymous_772)
FNDA:0,(anonymous_773)
FNDA:0,(anonymous_774)
FNDA:0,(anonymous_775)
FNDA:0,e
FNDA:0,(anonymous_777)
FNDA:0,(anonymous_778)
FNDA:0,(anonymous_779)
FNDA:0,(anonymous_780)
FNDA:0,(anonymous_781)
FNDA:0,(anonymous_782)
FNDA:0,(anonymous_783)
FNDA:0,(anonymous_784)
FNDA:0,(anonymous_785)
FNDA:0,(anonymous_786)
FNDA:0,(anonymous_787)
FNDA:0,(anonymous_788)
FNDA:0,(anonymous_789)
FNDA:0,(anonymous_790)
FNDA:0,(anonymous_791)
FNDA:0,(anonymous_792)
FNDA:0,(anonymous_793)
FNDA:0,(anonymous_794)
FNDA:0,(anonymous_795)
FNDA:0,(anonymous_796)
FNDA:0,(anonymous_797)
FNDA:0,(anonymous_798)
FNDA:0,(anonymous_799)
FNDA:0,(anonymous_800)
FNDA:0,(anonymous_801)
FNDA:0,(anonymous_802)
FNDA:0,(anonymous_803)
FNDA:0,(anonymous_804)
FNDA:0,(anonymous_805)
FNDA:0,(anonymous_806)
FNDA:0,(anonymous_807)
FNDA:0,(anonymous_808)
FNDA:0,(anonymous_809)
FNDA:0,(anonymous_810)
FNDA:0,d
FNDA:0,(anonymous_812)
FNDA:0,(anonymous_813)
FNDA:0,(anonymous_814)
FNDA:0,(anonymous_815)
FNDA:0,(anonymous_816)
FNDA:0,e
FNDA:0,(anonymous_818)
FNDA:0,f
FNDA:0,(anonymous_820)
FNDA:0,(anonymous_821)
FNDA:0,(anonymous_822)
FNDA:0,(anonymous_823)
FNDA:0,(anonymous_824)
FNDA:0,(anonymous_825)
FNDA:0,(anonymous_826)
FNDA:0,(anonymous_827)
FNDA:0,b
FNDA:0,(anonymous_829)
FNDA:0,(anonymous_830)
FNDA:0,(anonymous_831)
FNDA:0,(anonymous_832)
FNDA:0,(anonymous_833)
FNDA:0,(anonymous_834)
FNDA:0,(anonymous_835)
FNDA:0,(anonymous_836)
FNDA:0,(anonymous_837)
FNDA:0,(anonymous_838)
FNDA:0,(anonymous_839)
FNDA:0,(anonymous_840)
FNDA:0,(anonymous_841)
FNDA:0,(anonymous_842)
FNDA:0,(anonymous_843)
FNDA:0,(anonymous_844)
FNDA:0,(anonymous_845)
FNDA:0,(anonymous_846)
FNDA:0,(anonymous_847)
FNDA:0,(anonymous_848)
FNDA:0,f
FNDA:0,(anonymous_850)
FNDA:0,(anonymous_851)
FNDA:0,(anonymous_852)
FNDA:0,(anonymous_853)
FNDA:0,(anonymous_854)
FNDA:0,(anonymous_855)
FNDA:0,(anonymous_856)
FNDA:0,(anonymous_857)
FNDA:0,(anonymous_858)
FNDA:0,(anonymous_859)
FNDA:0,(anonymous_860)
FNDA:0,(anonymous_861)
FNDA:0,(anonymous_862)
FNDA:0,(anonymous_863)
FNDA:0,(anonymous_864)
FNDA:0,(anonymous_865)
FNDA:0,(anonymous_866)
FNDA:0,(anonymous_867)
FNDA:0,(anonymous_868)
FNDA:0,(anonymous_869)
FNDA:0,(anonymous_870)
FNDA:0,(anonymous_871)
FNDA:0,(anonymous_872)
FNDA:0,(anonymous_873)
FNDA:0,(anonymous_874)
FNDA:0,(anonymous_875)
FNDA:0,(anonymous_876)
FNDA:0,(anonymous_877)
FNDA:0,(anonymous_878)
FNDA:0,(anonymous_879)
FNDA:0,(anonymous_880)
FNDA:0,(anonymous_881)
FNDA:0,(anonymous_882)
FNDA:0,(anonymous_883)
FNDA:0,(anonymous_884)
FNDA:0,(anonymous_885)
FNDA:0,(anonymous_886)
FNDA:0,(anonymous_887)
FNDA:0,(anonymous_888)
FNDA:0,(anonymous_889)
FNDA:0,(anonymous_890)
FNDA:0,(anonymous_891)
FNDA:0,(anonymous_892)
FNDA:0,(anonymous_893)
FNDA:0,(anonymous_894)
FNDA:0,(anonymous_895)
FNDA:0,(anonymous_896)
FNDA:0,(anonymous_897)
FNDA:0,(anonymous_898)
FNDA:0,(anonymous_899)
FNDA:0,(anonymous_900)
FNDA:0,(anonymous_901)
FNDA:0,(anonymous_902)
FNDA:0,(anonymous_903)
FNDA:0,(anonymous_904)
FNDA:0,(anonymous_905)
FNDA:0,(anonymous_906)
FNDA:0,(anonymous_907)
FNDA:0,(anonymous_908)
FNDA:0,(anonymous_909)
FNDA:0,(anonymous_910)
FNDA:0,(anonymous_911)
FNDA:0,(anonymous_912)
FNDA:0,(anonymous_913)
FNDA:0,(anonymous_914)
FNDA:0,(anonymous_915)
FNDA:0,(anonymous_916)
FNDA:0,(anonymous_917)
FNDA:0,(anonymous_918)
FNDA:0,(anonymous_919)
FNDA:0,(anonymous_920)
FNDA:0,(anonymous_921)
FNDA:0,(anonymous_922)
FNDA:0,(anonymous_923)
FNDA:0,(anonymous_924)
FNDA:0,(anonymous_925)
FNDA:0,(anonymous_926)
FNDA:0,(anonymous_927)
FNDA:0,(anonymous_928)
FNDA:0,(anonymous_929)
FNDA:0,(anonymous_930)
FNDA:0,(anonymous_931)
FNDA:0,(anonymous_932)
FNDA:0,(anonymous_933)
FNDA:0,(anonymous_934)
FNDA:0,(anonymous_935)
FNDA:0,(anonymous_936)
FNDA:0,(anonymous_937)
FNDA:0,(anonymous_938)
FNDA:0,(anonymous_939)
FNDA:0,(anonymous_940)
FNDA:0,(anonymous_941)
FNDA:0,(anonymous_942)
FNDA:0,(anonymous_943)
FNDA:0,(anonymous_944)
FNDA:0,(anonymous_945)
FNDA:0,(anonymous_946)
FNDA:0,(anonymous_947)
FNDA:0,(anonymous_948)
FNDA:0,(anonymous_949)
FNDA:0,(anonymous_950)
FNDA:0,(anonymous_951)
FNDA:0,(anonymous_952)
FNDA:0,(anonymous_953)
FNDA:0,(anonymous_954)
FNDA:0,(anonymous_955)
FNDA:0,(anonymous_956)
FNDA:0,(anonymous_957)
FNDA:0,(anonymous_958)
FNDA:0,(anonymous_959)
FNDA:0,(anonymous_960)
FNDA:0,(anonymous_961)
FNDA:0,(anonymous_962)
FNDA:0,(anonymous_963)
FNDA:0,(anonymous_964)
FNDA:0,(anonymous_965)
FNDA:0,(anonymous_966)
FNDA:0,(anonymous_967)
FNDA:0,(anonymous_968)
FNDA:0,(anonymous_969)
FNDA:0,(anonymous_970)
FNDA:0,(anonymous_971)
FNDA:0,(anonymous_972)
FNDA:0,(anonymous_973)
FNDA:0,(anonymous_974)
FNDA:0,(anonymous_975)
FNDA:0,(anonymous_976)
FNDA:0,(anonymous_977)
FNDA:0,(anonymous_978)
FNDA:0,(anonymous_979)
FNDA:0,(anonymous_980)
FNDA:0,(anonymous_981)
FNDA:0,(anonymous_982)
FNDA:0,(anonymous_983)
FNDA:0,(anonymous_984)
FNDA:0,(anonymous_985)
FNDA:0,(anonymous_986)
FNDA:0,(anonymous_987)
FNDA:0,(anonymous_988)
FNDA:0,(anonymous_989)
FNDA:0,(anonymous_990)
FNDA:0,(anonymous_991)
FNDA:0,(anonymous_992)
FNDA:0,(anonymous_993)
FNDA:0,(anonymous_994)
FNDA:0,(anonymous_995)
FNDA:0,(anonymous_996)
FNDA:0,(anonymous_997)
FNDA:0,(anonymous_998)
FNDA:0,(anonymous_999)
FNDA:0,(anonymous_1000)
FNDA:0,(anonymous_1001)
FNDA:0,(anonymous_1002)
FNDA:0,(anonymous_1003)
FNDA:0,(anonymous_1004)
FNDA:0,(anonymous_1005)
FNDA:0,(anonymous_1006)
FNDA:0,(anonymous_1007)
FNDA:0,(anonymous_1008)
FNDA:0,(anonymous_1009)
FNDA:0,(anonymous_1010)
FNDA:0,(anonymous_1011)
FNDA:0,(anonymous_1012)
FNDA:0,(anonymous_1013)
FNDA:0,(anonymous_1014)
FNDA:0,(anonymous_1015)
FNDA:0,(anonymous_1016)
FNDA:0,(anonymous_1017)
FNDA:0,(anonymous_1018)
FNDA:0,(anonymous_1019)
FNDA:0,(anonymous_1020)
FNDA:0,(anonymous_1021)
FNDA:0,(anonymous_1022)
FNDA:0,(anonymous_1023)
FNDA:0,(anonymous_1024)
FNDA:0,(anonymous_1025)
FNDA:0,(anonymous_1026)
FNDA:0,(anonymous_1027)
FNDA:0,(anonymous_1028)
FNDA:0,(anonymous_1029)
FNDA:0,(anonymous_1030)
FNDA:0,(anonymous_1031)
FNDA:0,(anonymous_1032)
FNDA:0,(anonymous_1033)
FNDA:0,(anonymous_1034)
FNDA:0,(anonymous_1035)
FNDA:0,(anonymous_1036)
FNDA:0,(anonymous_1037)
FNDA:0,(anonymous_1038)
FNDA:0,(anonymous_1039)
FNDA:0,(anonymous_1040)
FNDA:0,(anonymous_1041)
FNDA:0,(anonymous_1042)
FNDA:0,d
FNDA:0,(anonymous_1044)
FNDA:0,(anonymous_1045)
FNDA:0,(anonymous_1046)
FNDA:0,(anonymous_1047)
FNDA:0,(anonymous_1048)
FNDA:0,(anonymous_1049)
FNDA:0,(anonymous_1050)
FNDA:0,(anonymous_1051)
FNDA:0,(anonymous_1052)
FNDA:0,(anonymous_1053)
FNDA:0,(anonymous_1054)
FNDA:0,(anonymous_1055)
FNDA:0,(anonymous_1056)
FNDA:0,(anonymous_1057)
FNDA:0,c
FNDA:0,(anonymous_1059)
FNDA:0,(anonymous_1060)
FNDA:0,(anonymous_1061)
FNDA:0,(anonymous_1062)
FNDA:0,(anonymous_1063)
FNDA:0,(anonymous_1064)
FNDA:0,(anonymous_1065)
FNDA:0,(anonymous_1066)
FNDA:0,(anonymous_1067)
FNDA:0,(anonymous_1068)
FNDA:0,(anonymous_1069)
FNDA:0,(anonymous_1070)
FNDA:0,(anonymous_1071)
FNDA:0,(anonymous_1072)
FNDA:0,(anonymous_1073)
FNDA:0,(anonymous_1074)
FNDA:0,(anonymous_1075)
FNDA:0,(anonymous_1076)
FNDA:0,(anonymous_1077)
FNDA:0,(anonymous_1078)
FNDA:0,(anonymous_1079)
FNDA:0,(anonymous_1080)
FNDA:0,(anonymous_1081)
FNDA:0,(anonymous_1082)
FNDA:0,(anonymous_1083)
FNDA:0,(anonymous_1084)
FNDA:0,(anonymous_1085)
FNDA:0,(anonymous_1086)
FNDA:0,(anonymous_1087)
FNDA:0,(anonymous_1088)
FNDA:0,(anonymous_1089)
FNDA:0,(anonymous_1090)
FNDA:0,(anonymous_1091)
FNDA:0,(anonymous_1092)
FNDA:0,(anonymous_1093)
FNDA:0,(anonymous_1094)
FNDA:0,(anonymous_1095)
FNDA:0,(anonymous_1096)
FNDA:0,(anonymous_1097)
FNDA:0,(anonymous_1098)
FNDA:0,(anonymous_1099)
FNDA:0,(anonymous_1100)
FNDA:0,(anonymous_1101)
FNDA:0,(anonymous_1102)
FNDA:0,(anonymous_1103)
FNDA:0,(anonymous_1104)
FNDA:0,(anonymous_1105)
FNDA:0,(anonymous_1106)
FNDA:0,(anonymous_1107)
FNDA:0,(anonymous_1108)
FNDA:0,(anonymous_1109)
FNDA:0,(anonymous_1110)
FNDA:0,(anonymous_1111)
FNDA:0,(anonymous_1112)
FNDA:0,(anonymous_1113)
FNDA:0,(anonymous_1114)
FNDA:0,(anonymous_1115)
FNDA:0,(anonymous_1116)
FNDA:0,(anonymous_1117)
FNDA:0,(anonymous_1118)
FNDA:0,(anonymous_1119)
FNDA:0,(anonymous_1120)
FNDA:0,(anonymous_1121)
FNDA:0,(anonymous_1122)
FNDA:0,(anonymous_1123)
FNDA:0,(anonymous_1124)
FNDA:0,(anonymous_1125)
FNDA:0,(anonymous_1126)
FNDA:0,(anonymous_1127)
FNDA:0,(anonymous_1128)
FNDA:0,(anonymous_1129)
FNDA:0,(anonymous_1130)
FNDA:0,(anonymous_1131)
FNDA:0,(anonymous_1132)
FNDA:0,(anonymous_1133)
FNDA:0,(anonymous_1134)
FNDA:0,(anonymous_1135)
FNDA:0,(anonymous_1136)
FNDA:0,(anonymous_1137)
FNDA:0,(anonymous_1138)
FNDA:0,(anonymous_1139)
FNDA:0,(anonymous_1140)
FNDA:0,(anonymous_1141)
FNDA:0,(anonymous_1142)
FNDA:0,(anonymous_1143)
FNDA:0,(anonymous_1144)
FNDA:0,(anonymous_1145)
FNDA:0,(anonymous_1146)
FNDA:0,(anonymous_1147)
FNDA:0,(anonymous_1148)
FNDA:0,(anonymous_1149)
FNDA:0,(anonymous_1150)
FNDA:0,(anonymous_1151)
FNDA:0,(anonymous_1152)
FNDA:0,(anonymous_1153)
FNDA:0,(anonymous_1154)
FNDA:0,(anonymous_1155)
FNDA:0,(anonymous_1156)
FNDA:0,(anonymous_1157)
FNDA:0,(anonymous_1158)
FNDA:0,(anonymous_1159)
FNDA:0,d
FNDA:0,(anonymous_1161)
FNDA:0,(anonymous_1162)
FNDA:0,e
FNDA:0,(anonymous_1164)
FNDA:0,(anonymous_1165)
FNDA:0,(anonymous_1166)
FNDA:0,(anonymous_1167)
FNDA:0,f
FNDA:0,g
FNDA:0,(anonymous_1170)
FNDA:0,(anonymous_1171)
FNDA:0,(anonymous_1172)
FNDA:0,(anonymous_1173)
FNDA:0,(anonymous_1174)
FNDA:0,(anonymous_1175)
FNDA:0,(anonymous_1176)
FNDA:0,(anonymous_1177)
FNDA:0,(anonymous_1178)
FNDA:0,(anonymous_1179)
FNDA:0,(anonymous_1180)
FNDA:0,(anonymous_1181)
FNDA:0,(anonymous_1182)
FNDA:0,(anonymous_1183)
FNDA:0,(anonymous_1184)
FNDA:0,(anonymous_1185)
FNDA:0,(anonymous_1186)
FNDA:0,(anonymous_1187)
FNDA:0,(anonymous_1188)
FNDA:0,(anonymous_1189)
FNDA:0,(anonymous_1190)
FNDA:0,(anonymous_1191)
FNDA:0,(anonymous_1192)
FNDA:0,(anonymous_1193)
FNDA:0,(anonymous_1194)
FNDA:0,d
FNDA:0,e
FNDA:0,l
FNDA:0,(anonymous_1198)
FNDA:0,(anonymous_1199)
FNDA:0,(anonymous_1200)
FNDA:0,(anonymous_1201)
FNDA:0,(anonymous_1202)
FNDA:0,(anonymous_1203)
FNDA:0,(anonymous_1204)
FNDA:0,(anonymous_1205)
FNDA:0,(anonymous_1206)
FNDA:0,(anonymous_1207)
FNDA:0,(anonymous_1208)
FNDA:0,l
FNDA:0,m
FNDA:0,r
FNDA:0,q
FNDA:0,s
FNDA:0,(anonymous_1214)
FNDA:0,(anonymous_1215)
FNDA:0,(anonymous_1216)
FNDA:0,(anonymous_1217)
FNDA:0,(anonymous_1218)
FNDA:0,(anonymous_1219)
FNDA:0,(anonymous_1220)
FNDA:0,(anonymous_1221)
FNDA:0,(anonymous_1222)
FNDA:0,(anonymous_1223)
FNDA:0,(anonymous_1224)
FNDA:0,(anonymous_1225)
FNDA:0,(anonymous_1226)
FNDA:0,(anonymous_1227)
FNDA:0,(anonymous_1228)
FNDA:0,(anonymous_1229)
FNDA:0,(anonymous_1230)
FNDA:0,k
FNDA:0,(anonymous_1232)
FNDA:0,(anonymous_1233)
FNDA:0,(anonymous_1234)
FNDA:0,(anonymous_1235)
FNDA:0,(anonymous_1236)
FNDA:0,(anonymous_1237)
FNDA:0,(anonymous_1238)
FNDA:0,(anonymous_1239)
FNDA:0,(anonymous_1240)
FNDA:0,(anonymous_1241)
FNDA:0,(anonymous_1242)
FNDA:0,(anonymous_1243)
FNDA:0,(anonymous_1244)
FNDA:0,(anonymous_1245)
FNDA:0,(anonymous_1246)
FNDA:0,(anonymous_1247)
FNDA:0,(anonymous_1248)
FNDA:0,(anonymous_1249)
FNDA:0,(anonymous_1250)
FNDA:0,(anonymous_1251)
FNDA:0,(anonymous_1252)
FNDA:0,(anonymous_1253)
FNDA:0,(anonymous_1254)
FNDA:0,(anonymous_1255)
FNDA:0,(anonymous_1256)
FNDA:0,(anonymous_1257)
FNDA:0,(anonymous_1258)
FNDA:0,(anonymous_1259)
FNDA:0,(anonymous_1260)
FNDA:0,(anonymous_1261)
FNDA:0,(anonymous_1262)
FNDA:0,(anonymous_1263)
FNDA:0,(anonymous_1264)
FNDA:0,(anonymous_1265)
FNDA:0,(anonymous_1266)
FNDA:0,(anonymous_1267)
FNDA:0,(anonymous_1268)
FNDA:0,(anonymous_1269)
FNDA:0,(anonymous_1270)
FNDA:0,(anonymous_1271)
FNDA:0,(anonymous_1272)
FNDA:0,(anonymous_1273)
FNDA:0,(anonymous_1274)
FNDA:0,(anonymous_1275)
FNDA:0,(anonymous_1276)
FNDA:0,(anonymous_1277)
FNDA:0,(anonymous_1278)
FNDA:0,(anonymous_1279)
FNDA:0,(anonymous_1280)
FNDA:0,(anonymous_1281)
FNDA:0,(anonymous_1282)
FNDA:0,(anonymous_1283)
FNDA:0,(anonymous_1284)
FNDA:0,(anonymous_1285)
FNDA:0,(anonymous_1286)
FNDA:0,(anonymous_1287)
FNDA:0,(anonymous_1288)
FNDA:0,(anonymous_1289)
FNDA:0,(anonymous_1290)
FNDA:0,(anonymous_1291)
FNDA:0,(anonymous_1292)
FNDA:0,(anonymous_1293)
FNDA:0,(anonymous_1294)
FNDA:0,(anonymous_1295)
FNDA:0,(anonymous_1296)
FNDA:0,(anonymous_1297)
FNDA:0,(anonymous_1298)
FNDA:0,(anonymous_1299)
FNDA:0,(anonymous_1300)
FNDA:0,(anonymous_1301)
FNDA:0,(anonymous_1302)
FNDA:0,(anonymous_1303)
FNDA:0,(anonymous_1304)
FNDA:0,(anonymous_1305)
FNDA:0,(anonymous_1306)
FNDA:0,(anonymous_1307)
FNDA:0,(anonymous_1308)
FNDA:0,(anonymous_1309)
FNDA:0,(anonymous_1310)
FNDA:0,(anonymous_1311)
FNDA:0,b
FNDA:0,(anonymous_1313)
FNDA:0,(anonymous_1314)
DA:6,1
DA:7,1
DA:8,1
DA:9,1
DA:10,1
DA:11,1
DA:12,1
DA:13,1
DA:14,1
DA:15,1
DA:16,1
DA:17,1
DA:18,1
DA:19,1
DA:20,1
DA:21,1
DA:22,1
DA:23,1
DA:24,1
DA:25,1
DA:26,0
DA:27,0
DA:28,1
DA:29,1
DA:30,1
DA:31,1
DA:32,1
DA:33,1
DA:34,1
DA:35,1
DA:36,1
DA:37,1
DA:38,1
DA:39,1
DA:40,0
DA:41,1
DA:42,1
DA:43,1
DA:44,1
DA:45,0
DA:46,1
DA:47,1
DA:48,1
DA:49,1
DA:50,0
DA:51,0
DA:52,0
DA:53,1
DA:54,1
DA:55,1
DA:56,1
DA:57,0
DA:58,1
DA:59,1
DA:60,1
DA:61,0
DA:62,0
DA:63,0
DA:64,0
DA:65,0
DA:66,1
DA:67,1
DA:68,0
DA:69,1
DA:70,1
DA:71,1
DA:72,1
DA:73,1
DA:74,0
DA:75,0
DA:76,0
DA:77,0
DA:78,1
DA:79,1
DA:80,1
DA:81,1
DA:82,1
DA:83,1
DA:84,1
DA:85,1
DA:86,0
DA:87,1
DA:88,1
DA:89,1
DA:90,1
DA:91,1
DA:92,1
DA:93,1
DA:94,1
DA:95,0
DA:96,1
DA:97,1
DA:98,1
DA:99,0
DA:100,1
DA:101,1
DA:102,1
DA:103,1
DA:104,0
DA:105,0
DA:106,1
DA:107,1
DA:108,1
DA:109,1
DA:110,0
DA:111,0
DA:112,1
DA:113,1
DA:114,1
DA:115,1
DA:116,1
DA:117,0
DA:118,1
DA:119,1
DA:120,0
DA:121,0
DA:122,0
DA:123,1
DA:124,1
DA:125,1
DA:126,1
DA:127,0
DA:128,1
DA:129,1
DA:130,0
DA:131,0
DA:132,0
DA:133,0
DA:134,1
DA:135,0
DA:136,1
DA:137,1
DA:138,1
DA:139,0
DA:140,0
DA:141,1
DA:142,1
DA:143,1
DA:144,1
DA:145,0
DA:146,1
DA:147,1
DA:148,1
DA:149,1
DA:150,1
DA:151,1
DA:152,1
DA:153,1
DA:154,1
DA:155,1
DA:156,1
DA:157,1
DA:158,1
DA:159,1
DA:160,0
DA:161,0
DA:162,1
DA:163,0
DA:164,1
DA:165,1
DA:166,1
DA:167,1
DA:168,1
DA:169,1
DA:170,1
DA:171,0
DA:172,0
DA:173,0
DA:174,0
DA:175,1
DA:176,0
DA:177,0
DA:178,1
DA:179,0
DA:180,0
DA:181,0
DA:182,0
DA:183,0
DA:184,0
DA:185,1
DA:186,1
DA:187,0
DA:188,1
DA:189,0
DA:190,0
DA:191,1
DA:192,0
DA:193,0
DA:194,0
DA:195,0
DA:196,0
DA:197,0
DA:198,0
DA:199,0
DA:200,0
DA:201,0
DA:202,0
DA:203,0
DA:204,0
DA:205,0
DA:206,0
DA:207,0
DA:208,0
DA:209,0
DA:210,0
DA:211,0
DA:212,0
DA:213,0
DA:214,0
DA:215,0
DA:216,0
DA:217,0
DA:218,0
DA:219,0
DA:220,0
DA:221,0
DA:222,0
DA:223,0
DA:224,0
DA:225,0
DA:226,0
DA:227,0
DA:228,0
DA:229,0
DA:230,0
DA:231,0
DA:232,0
DA:233,0
DA:234,0
DA:235,0
DA:236,0
DA:237,0
DA:238,0
DA:239,0
DA:240,0
DA:241,1
DA:242,0
DA:243,1
DA:244,0
DA:245,0
DA:246,0
DA:247,0
DA:248,0
DA:249,0
DA:250,0
DA:251,0
DA:252,0
DA:253,0
DA:254,0
DA:255,0
DA:256,0
DA:257,0
DA:258,0
DA:259,0
DA:260,0
DA:261,1
DA:262,1
DA:263,0
DA:264,0
DA:265,0
DA:266,0
DA:267,0
DA:268,0
DA:269,1
DA:270,0
DA:271,1
DA:272,1
DA:273,0
DA:274,0
DA:275,0
DA:276,0
DA:277,1
DA:278,0
DA:279,0
DA:280,0
DA:281,0
DA:282,0
DA:283,0
DA:284,0
DA:285,0
DA:286,0
DA:287,0
DA:288,0
DA:289,0
DA:290,0
DA:291,0
DA:292,1
DA:294,0
LF:288
LH:139
BRDA:6,1,0,0
BRDA:6,1,1,0
BRDA:6,2,0,0
BRDA:6,2,1,0
BRDA:6,3,0,0
BRDA:6,3,1,0
BRDA:6,4,0,0
BRDA:6,4,1,0
BRDA:6,5,0,0
BRDA:6,5,1,0
BRDA:6,6,0,0
BRDA:6,6,1,0
BRDA:6,7,0,0
BRDA:6,7,1,0
BRDA:6,8,0,0
BRDA:6,8,1,0
BRDA:6,9,0,0
BRDA:6,9,1,0
BRDA:6,10,0,0
BRDA:6,10,1,0
BRDA:6,10,2,0
BRDA:6,10,3,0
BRDA:7,11,0,0
BRDA:7,11,1,0
BRDA:7,12,0,0
BRDA:7,12,1,0
BRDA:7,12,2,0
BRDA:7,12,3,0
BRDA:7,13,0,0
BRDA:7,13,1,0
BRDA:7,14,0,0
BRDA:7,14,1,0
BRDA:7,15,0,0
BRDA:7,15,1,0
BRDA:7,15,2,0
BRDA:7,15,3,0
BRDA:7,15,4,0
BRDA:7,15,5,0
BRDA:7,16,0,0
BRDA:7,16,1,0
BRDA:7,17,0,0
BRDA:7,17,1,0
BRDA:7,18,0,0
BRDA:7,18,1,0
BRDA:7,18,2,0
BRDA:7,19,0,0
BRDA:7,19,1,0
BRDA:7,20,0,0
BRDA:7,20,1,0
BRDA:7,21,0,0
BRDA:7,21,1,0
BRDA:7,22,0,0
BRDA:7,22,1,0
BRDA:7,23,0,0
BRDA:7,23,1,0
BRDA:8,24,0,0
BRDA:8,24,1,0
BRDA:8,25,0,0
BRDA:8,25,1,0
BRDA:8,26,0,0
BRDA:8,26,1,0
BRDA:8,27,0,0
BRDA:8,27,1,0
BRDA:8,28,0,0
BRDA:8,28,1,0
BRDA:8,29,0,0
BRDA:8,29,1,0
BRDA:8,30,0,0
BRDA:8,30,1,0
BRDA:8,31,0,0
BRDA:8,31,1,0
BRDA:9,32,0,0
BRDA:9,32,1,0
BRDA:9,33,0,0
BRDA:9,33,1,0
BRDA:9,34,0,0
BRDA:9,34,1,0
BRDA:9,35,0,0
BRDA:9,35,1,0
BRDA:9,36,0,0
BRDA:9,36,1,0
BRDA:10,37,0,0
BRDA:10,37,1,0
BRDA:10,38,0,0
BRDA:10,38,1,0
BRDA:10,38,2,0
BRDA:10,39,0,0
BRDA:10,39,1,0
BRDA:10,40,0,0
BRDA:10,40,1,0
BRDA:10,40,2,0
BRDA:10,41,0,0
BRDA:10,41,1,0
BRDA:10,41,2,0
BRDA:11,42,0,0
BRDA:11,42,1,0
BRDA:11,43,0,0
BRDA:11,43,1,0
BRDA:11,43,2,0
BRDA:11,43,3,0
BRDA:11,44,0,0
BRDA:11,44,1,0
BRDA:11,44,2,0
BRDA:11,45,0,0
BRDA:11,45,1,0
BRDA:11,46,0,0
BRDA:11,46,1,0
BRDA:11,47,0,0
BRDA:11,47,1,0
BRDA:11,48,0,0
BRDA:11,48,1,0
BRDA:11,49,0,0
BRDA:11,49,1,0
BRDA:11,50,0,0
BRDA:11,50,1,0
BRDA:12,51,0,0
BRDA:12,51,1,0
BRDA:12,52,0,0
BRDA:12,52,1,0
BRDA:12,53,0,0
BRDA:12,53,1,0
BRDA:12,54,0,0
BRDA:12,54,1,0
BRDA:12,55,0,0
BRDA:12,55,1,0
BRDA:12,56,0,0
BRDA:12,56,1,0
BRDA:12,57,0,0
BRDA:12,57,1,0
BRDA:12,58,0,0
BRDA:12,58,1,0
BRDA:12,59,0,0
BRDA:12,59,1,0
BRDA:12,60,0,0
BRDA:12,60,1,0
BRDA:12,61,0,0
BRDA:12,61,1,0
BRDA:12,62,0,0
BRDA:12,62,1,0
BRDA:12,63,0,0
BRDA:12,63,1,0
BRDA:12,64,0,0
BRDA:12,64,1,0
BRDA:13,65,0,0
BRDA:13,65,1,0
BRDA:13,66,0,0
BRDA:13,66,1,0
BRDA:13,67,0,0
BRDA:13,67,1,0
BRDA:13,68,0,0
BRDA:13,68,1,0
BRDA:13,69,0,0
BRDA:13,69,1,0
BRDA:13,70,0,0
BRDA:13,70,1,0
BRDA:13,71,0,0
BRDA:13,71,1,0
BRDA:13,72,0,0
BRDA:13,72,1,0
BRDA:13,73,0,0
BRDA:13,73,1,0
BRDA:13,74,0,0
BRDA:13,74,1,0
BRDA:13,75,0,0
BRDA:13,75,1,0
BRDA:13,76,0,0
BRDA:13,76,1,0
BRDA:13,77,0,0
BRDA:13,77,1,0
BRDA:13,78,0,0
BRDA:13,78,1,0
BRDA:13,79,0,0
BRDA:13,79,1,0
BRDA:13,80,0,0
BRDA:13,80,1,0
BRDA:13,81,0,0
BRDA:13,81,1,0
BRDA:13,82,0,0
BRDA:13,82,1,0
BRDA:13,83,0,0
BRDA:13,83,1,0
BRDA:13,84,0,0
BRDA:13,84,1,0
BRDA:14,85,0,0
BRDA:14,85,1,0
BRDA:14,86,0,0
BRDA:14,86,1,0
BRDA:14,87,0,0
BRDA:14,87,1,0
BRDA:14,88,0,0
BRDA:14,88,1,0
BRDA:14,89,0,0
BRDA:14,89,1,0
BRDA:14,90,0,0
BRDA:14,90,1,0
BRDA:14,91,0,0
BRDA:14,91,1,0
BRDA:14,91,2,0
BRDA:14,91,3,0
BRDA:14,91,4,0
BRDA:14,91,5,0
BRDA:14,91,6,0
BRDA:14,92,0,0
BRDA:14,92,1,0
BRDA:14,93,0,0
BRDA:14,93,1,0
BRDA:14,94,0,0
BRDA:14,94,1,0
BRDA:14,95,0,0
BRDA:14,95,1,0
BRDA:14,96,0,0
BRDA:14,96,1,0
BRDA:14,96,2,0
BRDA:14,96,3,0
BRDA:14,97,0,0
BRDA:14,97,1,0
BRDA:15,98,0,0
BRDA:15,98,1,0
BRDA:15,99,0,0
BRDA:15,99,1,0
BRDA:15,100,0,0
BRDA:15,100,1,0
BRDA:15,101,0,0
BRDA:15,101,1,0
BRDA:15,102,0,0
BRDA:15,102,1,0
BRDA:15,103,0,0
BRDA:15,103,1,0
BRDA:15,104,0,0
BRDA:15,104,1,0
BRDA:15,104,2,0
BRDA:15,105,0,0
BRDA:15,105,1,0
BRDA:15,106,0,0
BRDA:15,106,1,0
BRDA:15,107,0,0
BRDA:15,107,1,0
BRDA:15,108,0,0
BRDA:15,108,1,0
BRDA:15,109,0,0
BRDA:15,109,1,0
BRDA:15,110,0,0
BRDA:15,110,1,0
BRDA:15,111,0,0
BRDA:15,111,1,0
BRDA:15,112,0,0
BRDA:15,112,1,0
BRDA:16,113,0,0
BRDA:16,113,1,0
BRDA:16,114,0,0
BRDA:16,114,1,0
BRDA:16,115,0,0
BRDA:16,115,1,0
BRDA:17,116,0,0
BRDA:17,116,1,0
BRDA:17,117,0,0
BRDA:17,117,1,0
BRDA:17,118,0,0
BRDA:17,118,1,0
BRDA:17,119,0,0
BRDA:17,119,1,0
BRDA:17,120,0,0
BRDA:17,120,1,0
BRDA:17,121,0,0
BRDA:17,121,1,0
BRDA:17,122,0,0
BRDA:17,122,1,0
BRDA:17,123,0,0
BRDA:17,123,1,0
BRDA:17,124,0,0
BRDA:17,124,1,0
BRDA:17,125,0,0
BRDA:17,125,1,0
BRDA:17,126,0,0
BRDA:17,126,1,0
BRDA:18,127,0,0
BRDA:18,127,1,0
BRDA:18,128,0,0
BRDA:18,128,1,0
BRDA:18,129,0,0
BRDA:18,129,1,0
BRDA:18,129,2,0
BRDA:18,129,3,0
BRDA:18,130,0,0
BRDA:18,130,1,0
BRDA:18,130,2,0
BRDA:19,131,0,0
BRDA:19,131,1,0
BRDA:19,132,0,0
BRDA:19,132,1,0
BRDA:19,133,0,0
BRDA:19,133,1,0
BRDA:19,134,0,0
BRDA:19,134,1,0
BRDA:19,135,0,0
BRDA:19,135,1,0
BRDA:19,136,0,0
BRDA:19,136,1,0
BRDA:19,137,0,0
BRDA:19,137,1,0
BRDA:20,138,0,0
BRDA:20,138,1,0
BRDA:20,138,2,0
BRDA:20,139,0,0
BRDA:20,139,1,0
BRDA:20,140,0,0
BRDA:20,140,1,0
BRDA:20,141,0,0
BRDA:20,141,1,0
BRDA:21,142,0,0
BRDA:21,142,1,0
BRDA:21,143,0,0
BRDA:21,143,1,0
BRDA:21,144,0,0
BRDA:21,144,1,0
BRDA:21,145,0,0
BRDA:21,145,1,0
BRDA:21,146,0,0
BRDA:21,146,1,0
BRDA:21,147,0,0
BRDA:21,147,1,0
BRDA:21,148,0,0
BRDA:21,148,1,0
BRDA:21,149,0,0
BRDA:21,149,1,0
BRDA:21,150,0,0
BRDA:21,150,1,0
BRDA:21,151,0,0
BRDA:21,151,1,0
BRDA:21,151,2,0
BRDA:22,152,0,0
BRDA:22,152,1,0
BRDA:22,153,0,0
BRDA:22,153,1,0
BRDA:22,154,0,0
BRDA:22,154,1,0
BRDA:22,155,0,0
BRDA:22,155,1,0
BRDA:22,155,2,0
BRDA:22,156,0,0
BRDA:22,156,1,0
BRDA:22,157,0,0
BRDA:22,157,1,0
BRDA:22,158,0,0
BRDA:22,158,1,0
BRDA:22,159,0,0
BRDA:22,159,1,0
BRDA:22,160,0,0
BRDA:22,160,1,0
BRDA:22,161,0,0
BRDA:22,161,1,0
BRDA:22,162,0,0
BRDA:22,162,1,0
BRDA:22,163,0,0
BRDA:22,163,1,0
BRDA:23,164,0,0
BRDA:23,164,1,0
BRDA:23,165,0,0
BRDA:23,165,1,0
BRDA:23,166,0,0
BRDA:23,166,1,0
BRDA:23,167,0,0
BRDA:23,167,1,0
BRDA:23,168,0,0
BRDA:23,168,1,0
BRDA:23,169,0,0
BRDA:23,169,1,0
BRDA:23,170,0,0
BRDA:23,170,1,0
BRDA:23,171,0,0
BRDA:23,171,1,0
BRDA:23,172,0,0
BRDA:23,172,1,0
BRDA:23,172,2,0
BRDA:24,173,0,0
BRDA:24,173,1,0
BRDA:24,174,0,0
BRDA:24,174,1,0
BRDA:24,175,0,0
BRDA:24,175,1,0
BRDA:24,175,2,0
BRDA:24,176,0,0
BRDA:24,176,1,0
BRDA:25,177,0,0
BRDA:25,177,1,0
BRDA:28,178,0,0
BRDA:28,178,1,0
BRDA:29,179,0,0
BRDA:29,179,1,0
BRDA:29,179,2,0
BRDA:29,180,0,0
BRDA:29,180,1,0
BRDA:29,181,0,0
BRDA:29,181,1,0
BRDA:29,182,0,0
BRDA:29,182,1,0
BRDA:29,183,0,0
BRDA:29,183,1,0
BRDA:29,184,0,0
BRDA:29,184,1,0
BRDA:29,185,0,0
BRDA:29,185,1,0
BRDA:30,186,0,0
BRDA:30,186,1,0
BRDA:30,187,0,0
BRDA:30,187,1,0
BRDA:30,188,0,0
BRDA:30,188,1,0
BRDA:30,189,0,0
BRDA:30,189,1,0
BRDA:30,190,0,0
BRDA:30,190,1,0
BRDA:30,191,0,0
BRDA:30,191,1,0
BRDA:30,192,0,0
BRDA:30,192,1,0
BRDA:30,193,0,0
BRDA:30,193,1,0
BRDA:30,194,0,0
BRDA:30,194,1,0
BRDA:30,195,0,0
BRDA:30,195,1,0
BRDA:30,196,0,0
BRDA:30,196,1,0
BRDA:30,197,0,0
BRDA:30,197,1,0
BRDA:30,198,0,0
BRDA:30,198,1,0
BRDA:30,199,0,0
BRDA:30,199,1,0
BRDA:30,200,0,0
BRDA:30,200,1,0
BRDA:30,201,0,0
BRDA:30,201,1,0
BRDA:30,201,2,0
BRDA:30,201,3,0
BRDA:31,202,0,0
BRDA:31,202,1,0
BRDA:31,203,0,0
BRDA:31,203,1,0
BRDA:31,204,0,0
BRDA:31,204,1,0
BRDA:31,205,0,0
BRDA:31,205,1,0
BRDA:31,206,0,0
BRDA:31,206,1,0
BRDA:31,207,0,0
BRDA:31,207,1,0
BRDA:31,208,0,0
BRDA:31,208,1,0
BRDA:31,209,0,0
BRDA:31,209,1,0
BRDA:31,210,0,0
BRDA:31,210,1,0
BRDA:31,210,2,0
BRDA:31,211,0,0
BRDA:31,211,1,0
BRDA:31,212,0,0
BRDA:31,212,1,0
BRDA:31,212,2,0
BRDA:31,213,0,0
BRDA:31,213,1,0
BRDA:32,214,0,0
BRDA:32,214,1,0
BRDA:32,215,0,0
BRDA:32,215,1,0
BRDA:32,216,0,0
BRDA:32,216,1,0
BRDA:32,217,0,0
BRDA:32,217,1,0
BRDA:32,218,0,0
BRDA:32,218,1,0
BRDA:32,219,0,0
BRDA:32,219,1,0
BRDA:32,220,0,0
BRDA:32,220,1,0
BRDA:32,220,2,0
BRDA:32,221,0,0
BRDA:32,221,1,0
BRDA:32,222,0,0
BRDA:32,222,1,0
BRDA:32,223,0,0
BRDA:32,223,1,0
BRDA:32,224,0,0
BRDA:32,224,1,0
BRDA:33,225,0,0
BRDA:33,225,1,0
BRDA:33,226,0,0
BRDA:33,226,1,0
BRDA:33,227,0,0
BRDA:33,227,1,0
BRDA:33,228,0,0
BRDA:33,228,1,0
BRDA:33,229,0,0
BRDA:33,229,1,0
BRDA:33,230,0,0
BRDA:33,230,1,0
BRDA:33,231,0,0
BRDA:33,231,1,0
BRDA:33,232,0,0
BRDA:33,232,1,0
BRDA:33,233,0,0
BRDA:33,233,1,0
BRDA:33,234,0,0
BRDA:33,234,1,0
BRDA:33,234,2,0
BRDA:34,235,0,0
BRDA:34,235,1,0
BRDA:34,236,0,0
BRDA:34,236,1,0
BRDA:34,237,0,0
BRDA:34,237,1,0
BRDA:34,238,0,0
BRDA:34,238,1,0
BRDA:34,239,0,0
BRDA:34,239,1,0
BRDA:34,239,2,0
BRDA:34,240,0,0
BRDA:34,240,1,0
BRDA:34,241,0,0
BRDA:34,241,1,0
BRDA:34,242,0,0
BRDA:34,242,1,0
BRDA:34,243,0,0
BRDA:34,243,1,0
BRDA:35,244,0,0
BRDA:35,244,1,0
BRDA:35,245,0,0
BRDA:35,245,1,0
BRDA:35,246,0,0
BRDA:35,246,1,0
BRDA:35,247,0,0
BRDA:35,247,1,0
BRDA:35,248,0,0
BRDA:35,248,1,0
BRDA:35,249,0,0
BRDA:35,249,1,0
BRDA:35,249,2,0
BRDA:35,249,3,0
BRDA:36,250,0,0
BRDA:36,250,1,0
BRDA:36,251,0,0
BRDA:36,251,1,0
BRDA:36,252,0,0
BRDA:36,252,1,0
BRDA:36,253,0,0
BRDA:36,253,1,0
BRDA:36,254,0,0
BRDA:36,254,1,0
BRDA:36,255,0,0
BRDA:36,255,1,0
BRDA:36,256,0,0
BRDA:36,256,1,0
BRDA:36,257,0,0
BRDA:36,257,1,0
BRDA:36,257,2,0
BRDA:36,258,0,0
BRDA:36,258,1,0
BRDA:36,259,0,0
BRDA:36,259,1,0
BRDA:36,260,0,0
BRDA:36,260,1,0
BRDA:37,261,0,0
BRDA:37,261,1,0
BRDA:37,262,0,0
BRDA:37,262,1,0
BRDA:37,263,0,0
BRDA:37,263,1,0
BRDA:37,264,0,0
BRDA:37,264,1,0
BRDA:37,265,0,0
BRDA:37,265,1,0
BRDA:37,266,0,0
BRDA:37,266,1,0
BRDA:37,267,0,0
BRDA:37,267,1,0
BRDA:37,268,0,0
BRDA:37,268,1,0
BRDA:38,269,0,0
BRDA:38,269,1,0
BRDA:38,270,0,0
BRDA:38,270,1,0
BRDA:38,271,0,0
BRDA:38,271,1,0
BRDA:38,272,0,0
BRDA:38,272,1,0
BRDA:38,273,0,0
BRDA:38,273,1,0
BRDA:38,274,0,0
BRDA:38,274,1,0
BRDA:38,274,2,0
BRDA:38,274,3,0
BRDA:38,275,0,0
BRDA:38,275,1,0
BRDA:38,275,2,0
BRDA:38,276,0,0
BRDA:38,276,1,0
BRDA:38,277,0,0
BRDA:38,277,1,0
BRDA:39,278,0,0
BRDA:39,278,1,0
BRDA:39,279,0,0
BRDA:39,279,1,0
BRDA:39,280,0,0
BRDA:39,280,1,0
BRDA:39,281,0,0
BRDA:39,281,1,0
BRDA:39,282,0,0
BRDA:39,282,1,0
BRDA:39,283,0,0
BRDA:39,283,1,0
BRDA:39,284,0,0
BRDA:39,284,1,0
BRDA:39,285,0,0
BRDA:39,285,1,0
BRDA:40,286,0,0
BRDA:40,286,1,0
BRDA:40,287,0,0
BRDA:40,287,1,0
BRDA:40,288,0,0
BRDA:40,288,1,0
BRDA:41,289,0,0
BRDA:41,289,1,0
BRDA:41,290,0,0
BRDA:41,290,1,0
BRDA:41,291,0,0
BRDA:41,291,1,0
BRDA:42,292,0,0
BRDA:42,292,1,0
BRDA:42,293,0,0
BRDA:42,293,1,0
BRDA:42,294,0,0
BRDA:42,294,1,0
BRDA:42,295,0,0
BRDA:42,295,1,0
BRDA:42,296,0,0
BRDA:42,296,1,0
BRDA:42,297,0,0
BRDA:42,297,1,0
BRDA:42,298,0,0
BRDA:42,298,1,0
BRDA:42,299,0,0
BRDA:42,299,1,0
BRDA:42,300,0,0
BRDA:42,300,1,0
BRDA:42,301,0,0
BRDA:42,301,1,0
BRDA:42,302,0,0
BRDA:42,302,1,0
BRDA:42,303,0,0
BRDA:42,303,1,0
BRDA:42,304,0,0
BRDA:42,304,1,0
BRDA:42,304,2,0
BRDA:43,305,0,0
BRDA:43,305,1,0
BRDA:43,306,0,0
BRDA:43,306,1,0
BRDA:43,307,0,0
BRDA:43,307,1,0
BRDA:43,308,0,0
BRDA:43,308,1,0
BRDA:43,309,0,0
BRDA:43,309,1,0
BRDA:43,310,0,0
BRDA:43,310,1,0
BRDA:43,311,0,0
BRDA:43,311,1,0
BRDA:43,312,0,0
BRDA:43,312,1,0
BRDA:43,313,0,0
BRDA:43,313,1,0
BRDA:43,314,0,0
BRDA:43,314,1,0
BRDA:43,315,0,0
BRDA:43,315,1,0
BRDA:44,316,0,0
BRDA:44,316,1,0
BRDA:44,317,0,0
BRDA:44,317,1,0
BRDA:44,318,0,0
BRDA:44,318,1,0
BRDA:44,319,0,0
BRDA:44,319,1,0
BRDA:44,320,0,0
BRDA:44,320,1,0
BRDA:44,321,0,0
BRDA:44,321,1,0
BRDA:44,322,0,0
BRDA:44,322,1,0
BRDA:44,323,0,0
BRDA:44,323,1,0
BRDA:45,324,0,0
BRDA:45,324,1,0
BRDA:45,325,0,0
BRDA:45,325,1,0
BRDA:45,325,2,0
BRDA:45,326,0,0
BRDA:45,326,1,0
BRDA:45,327,0,0
BRDA:45,327,1,0
BRDA:45,328,0,0
BRDA:45,328,1,0
BRDA:45,328,2,0
BRDA:45,329,0,0
BRDA:45,329,1,0
BRDA:45,330,0,0
BRDA:45,330,1,0
BRDA:45,331,0,0
BRDA:45,331,1,0
BRDA:45,332,0,0
BRDA:45,332,1,0
BRDA:45,333,0,0
BRDA:45,333,1,0
BRDA:45,334,0,0
BRDA:45,334,1,0
BRDA:45,335,0,0
BRDA:45,335,1,0
BRDA:45,336,0,0
BRDA:45,336,1,0
BRDA:45,337,0,0
BRDA:45,337,1,0
BRDA:45,338,0,0
BRDA:45,338,1,0
BRDA:46,339,0,0
BRDA:46,339,1,0
BRDA:46,340,0,0
BRDA:46,340,1,0
BRDA:46,341,0,0
BRDA:46,341,1,0
BRDA:46,342,0,0
BRDA:46,342,1,0
BRDA:46,343,0,0
BRDA:46,343,1,0
BRDA:46,344,0,0
BRDA:46,344,1,0
BRDA:47,345,0,0
BRDA:47,345,1,0
BRDA:47,346,0,0
BRDA:47,346,1,0
BRDA:47,347,0,0
BRDA:47,347,1,0
BRDA:47,348,0,0
BRDA:47,348,1,0
BRDA:47,349,0,0
BRDA:47,349,1,0
BRDA:47,349,2,0
BRDA:47,350,0,0
BRDA:47,350,1,0
BRDA:47,351,0,0
BRDA:47,351,1,0
BRDA:47,352,0,0
BRDA:47,352,1,0
BRDA:47,353,0,0
BRDA:47,353,1,0
BRDA:47,354,0,0
BRDA:47,354,1,0
BRDA:47,355,0,0
BRDA:47,355,1,0
BRDA:47,356,0,0
BRDA:47,356,1,0
BRDA:47,357,0,0
BRDA:47,357,1,0
BRDA:47,358,0,0
BRDA:47,358,1,0
BRDA:47,359,0,0
BRDA:47,359,1,0
BRDA:47,360,0,0
BRDA:47,360,1,0
BRDA:48,361,0,0
BRDA:48,361,1,0
BRDA:49,362,0,0
BRDA:49,362,1,0
BRDA:49,363,0,0
BRDA:49,363,1,0
BRDA:49,364,0,0
BRDA:49,364,1,0
BRDA:49,365,0,0
BRDA:49,365,1,0
BRDA:49,366,0,0
BRDA:49,366,1,0
BRDA:49,367,0,0
BRDA:49,367,1,0
BRDA:50,368,0,0
BRDA:50,368,1,0
BRDA:50,369,0,0
BRDA:50,369,1,0
BRDA:50,370,0,0
BRDA:50,370,1,0
BRDA:50,371,0,0
BRDA:50,371,1,0
BRDA:50,371,2,0
BRDA:50,372,0,0
BRDA:50,372,1,0
BRDA:50,373,0,0
BRDA:50,373,1,0
BRDA:50,374,0,0
BRDA:50,374,1,0
BRDA:50,374,2,0
BRDA:50,375,0,0
BRDA:50,375,1,0
BRDA:50,376,0,0
BRDA:50,376,1,0
BRDA:50,377,0,0
BRDA:50,377,1,0
BRDA:51,378,0,0
BRDA:51,378,1,0
BRDA:51,379,0,0
BRDA:51,379,1,0
BRDA:51,380,0,0
BRDA:51,380,1,0
BRDA:51,381,0,0
BRDA:51,381,1,0
BRDA:51,382,0,0
BRDA:51,382,1,0
BRDA:51,383,0,0
BRDA:51,383,1,0
BRDA:51,384,0,0
BRDA:51,384,1,0
BRDA:51,385,0,0
BRDA:51,385,1,0
BRDA:51,386,0,0
BRDA:51,386,1,0
BRDA:52,387,0,0
BRDA:52,387,1,0
BRDA:52,388,0,0
BRDA:52,388,1,0
BRDA:52,389,0,0
BRDA:52,389,1,0
BRDA:53,390,0,0
BRDA:53,390,1,0
BRDA:53,391,0,0
BRDA:53,391,1,0
BRDA:53,391,2,0
BRDA:53,392,0,0
BRDA:53,392,1,0
BRDA:53,392,2,0
BRDA:53,393,0,0
BRDA:53,393,1,0
BRDA:53,394,0,0
BRDA:53,394,1,0
BRDA:53,394,2,0
BRDA:53,395,0,0
BRDA:53,395,1,0
BRDA:53,396,0,0
BRDA:53,396,1,0
BRDA:54,397,0,0
BRDA:54,397,1,0
BRDA:54,398,0,0
BRDA:54,398,1,0
BRDA:54,399,0,0
BRDA:54,399,1,0
BRDA:54,400,0,0
BRDA:54,400,1,0
BRDA:54,401,0,0
BRDA:54,401,1,0
BRDA:54,402,0,0
BRDA:54,402,1,0
BRDA:54,403,0,0
BRDA:54,403,1,0
BRDA:54,404,0,0
BRDA:54,404,1,0
BRDA:54,405,0,0
BRDA:54,405,1,0
BRDA:54,406,0,0
BRDA:54,406,1,0
BRDA:54,407,0,0
BRDA:54,407,1,0
BRDA:55,408,0,0
BRDA:55,408,1,0
BRDA:55,409,0,0
BRDA:55,409,1,0
BRDA:55,410,0,0
BRDA:55,410,1,0
BRDA:55,411,0,0
BRDA:55,411,1,0
BRDA:55,412,0,0
BRDA:55,412,1,0
BRDA:55,413,0,0
BRDA:55,413,1,0
BRDA:55,414,0,0
BRDA:55,414,1,0
BRDA:55,415,0,0
BRDA:55,415,1,0
BRDA:55,415,2,0
BRDA:55,416,0,0
BRDA:55,416,1,0
BRDA:55,417,0,0
BRDA:55,417,1,0
BRDA:55,418,0,0
BRDA:55,418,1,0
BRDA:55,418,2,0
BRDA:55,418,3,0
BRDA:55,419,0,0
BRDA:55,419,1,0
BRDA:55,420,0,0
BRDA:55,420,1,0
BRDA:55,420,2,0
BRDA:55,421,0,0
BRDA:55,421,1,0
BRDA:55,422,0,0
BRDA:55,422,1,0
BRDA:55,423,0,0
BRDA:55,423,1,0
BRDA:55,424,0,0
BRDA:55,424,1,0
BRDA:56,425,0,0
BRDA:56,425,1,0
BRDA:56,426,0,0
BRDA:56,426,1,0
BRDA:56,426,2,0
BRDA:56,427,0,0
BRDA:56,427,1,0
BRDA:56,428,0,0
BRDA:56,428,1,0
BRDA:56,428,2,0
BRDA:57,429,0,0
BRDA:57,429,1,0
BRDA:57,430,0,0
BRDA:57,430,1,0
BRDA:57,431,0,0
BRDA:57,431,1,0
BRDA:57,432,0,0
BRDA:57,432,1,0
BRDA:57,433,0,0
BRDA:57,433,1,0
BRDA:57,434,0,0
BRDA:57,434,1,0
BRDA:57,435,0,0
BRDA:57,435,1,0
BRDA:57,436,0,0
BRDA:57,436,1,0
BRDA:57,437,0,0
BRDA:57,437,1,0
BRDA:57,437,2,0
BRDA:57,438,0,0
BRDA:57,438,1,0
BRDA:58,439,0,0
BRDA:58,439,1,0
BRDA:58,440,0,0
BRDA:58,440,1,0
BRDA:58,441,0,0
BRDA:58,441,1,0
BRDA:58,441,2,0
BRDA:58,442,0,0
BRDA:58,442,1,0
BRDA:58,443,0,0
BRDA:58,443,1,0
BRDA:58,444,0,0
BRDA:58,444,1,0
BRDA:58,445,0,0
BRDA:58,445,1,0
BRDA:58,446,0,0
BRDA:58,446,1,0
BRDA:58,447,0,0
BRDA:58,447,1,0
BRDA:58,448,0,0
BRDA:58,448,1,0
BRDA:58,449,0,0
BRDA:58,449,1,0
BRDA:59,450,0,0
BRDA:59,450,1,0
BRDA:59,451,0,0
BRDA:59,451,1,0
BRDA:59,452,0,0
BRDA:59,452,1,0
BRDA:59,453,0,0
BRDA:59,453,1,0
BRDA:59,454,0,0
BRDA:59,454,1,0
BRDA:59,455,0,0
BRDA:59,455,1,0
BRDA:59,456,0,0
BRDA:59,456,1,0
BRDA:59,457,0,0
BRDA:59,457,1,0
BRDA:59,458,0,0
BRDA:59,458,1,0
BRDA:59,459,0,0
BRDA:59,459,1,0
BRDA:59,460,0,0
BRDA:59,460,1,0
BRDA:59,461,0,0
BRDA:59,461,1,0
BRDA:59,462,0,0
BRDA:59,462,1,0
BRDA:59,463,0,0
BRDA:59,463,1,0
BRDA:59,464,0,0
BRDA:59,464,1,0
BRDA:60,465,0,0
BRDA:60,465,1,0
BRDA:60,466,0,0
BRDA:60,466,1,0
BRDA:60,467,0,0
BRDA:60,467,1,0
BRDA:60,468,0,0
BRDA:60,468,1,0
BRDA:60,469,0,0
BRDA:60,469,1,0
BRDA:60,470,0,0
BRDA:60,470,1,0
BRDA:60,471,0,0
BRDA:60,471,1,0
BRDA:60,472,0,0
BRDA:60,472,1,0
BRDA:60,473,0,0
BRDA:60,473,1,0
BRDA:60,474,0,0
BRDA:60,474,1,0
BRDA:60,475,0,0
BRDA:60,475,1,0
BRDA:60,476,0,0
BRDA:60,476,1,0
BRDA:61,477,0,0
BRDA:61,477,1,0
BRDA:61,478,0,0
BRDA:61,478,1,0
BRDA:61,479,0,0
BRDA:61,479,1,0
BRDA:61,479,2,0
BRDA:61,480,0,0
BRDA:61,480,1,0
BRDA:61,481,0,0
BRDA:61,481,1,0
BRDA:61,481,2,0
BRDA:61,482,0,0
BRDA:61,482,1,0
BRDA:61,483,0,0
BRDA:61,483,1,0
BRDA:62,484,0,0
BRDA:62,484,1,0
BRDA:62,485,0,0
BRDA:62,485,1,0
BRDA:62,486,0,0
BRDA:62,486,1,0
BRDA:62,486,2,0
BRDA:62,486,3,0
BRDA:62,487,0,0
BRDA:62,487,1,0
BRDA:62,488,0,0
BRDA:62,488,1,0
BRDA:62,489,0,0
BRDA:62,489,1,0
BRDA:62,490,0,0
BRDA:62,490,1,0
BRDA:63,491,0,0
BRDA:63,491,1,0
BRDA:63,492,0,0
BRDA:63,492,1,0
BRDA:63,493,0,0
BRDA:63,493,1,0
BRDA:63,494,0,0
BRDA:63,494,1,0
BRDA:63,495,0,0
BRDA:63,495,1,0
BRDA:63,496,0,0
BRDA:63,496,1,0
BRDA:63,497,0,0
BRDA:63,497,1,0
BRDA:63,498,0,0
BRDA:63,498,1,0
BRDA:63,498,2,0
BRDA:63,499,0,0
BRDA:63,499,1,0
BRDA:63,500,0,0
BRDA:63,500,1,0
BRDA:63,501,0,0
BRDA:63,501,1,0
BRDA:63,502,0,0
BRDA:63,502,1,0
BRDA:64,503,0,0
BRDA:64,503,1,0
BRDA:64,504,0,0
BRDA:64,504,1,0
BRDA:64,505,0,0
BRDA:64,505,1,0
BRDA:64,506,0,0
BRDA:64,506,1,0
BRDA:64,507,0,0
BRDA:64,507,1,0
BRDA:64,508,0,0
BRDA:64,508,1,0
BRDA:64,509,0,0
BRDA:64,509,1,0
BRDA:64,510,0,0
BRDA:64,510,1,0
BRDA:64,511,0,0
BRDA:64,511,1,0
BRDA:64,511,2,0
BRDA:65,512,0,0
BRDA:65,512,1,0
BRDA:65,513,0,0
BRDA:65,513,1,0
BRDA:65,514,0,0
BRDA:65,514,1,0
BRDA:65,515,0,0
BRDA:65,515,1,0
BRDA:65,516,0,0
BRDA:65,516,1,0
BRDA:65,517,0,0
BRDA:65,517,1,0
BRDA:65,518,0,0
BRDA:65,518,1,0
BRDA:65,519,0,0
BRDA:65,519,1,0
BRDA:65,520,0,0
BRDA:65,520,1,0
BRDA:66,521,0,0
BRDA:66,521,1,0
BRDA:66,522,0,0
BRDA:66,522,1,0
BRDA:66,523,0,0
BRDA:66,523,1,0
BRDA:66,523,2,0
BRDA:66,523,3,0
BRDA:66,524,0,0
BRDA:66,524,1,0
BRDA:66,525,0,0
BRDA:66,525,1,0
BRDA:66,526,0,0
BRDA:66,526,1,0
BRDA:67,527,0,0
BRDA:67,527,1,0
BRDA:67,528,0,0
BRDA:67,528,1,0
BRDA:67,528,2,0
BRDA:67,529,0,0
BRDA:67,529,1,0
BRDA:67,530,0,0
BRDA:67,530,1,0
BRDA:67,531,0,0
BRDA:67,531,1,0
BRDA:67,532,0,0
BRDA:67,532,1,0
BRDA:67,533,0,0
BRDA:67,533,1,0
BRDA:67,534,0,0
BRDA:67,534,1,0
BRDA:67,534,2,0
BRDA:68,535,0,0
BRDA:68,535,1,0
BRDA:68,536,0,0
BRDA:68,536,1,0
BRDA:68,537,0,0
BRDA:68,537,1,0
BRDA:68,538,0,0
BRDA:68,538,1,0
BRDA:68,539,0,0
BRDA:68,539,1,0
BRDA:68,540,0,0
BRDA:68,540,1,0
BRDA:68,541,0,0
BRDA:68,541,1,0
BRDA:69,542,0,0
BRDA:69,542,1,0
BRDA:69,543,0,0
BRDA:69,543,1,0
BRDA:69,544,0,0
BRDA:69,544,1,0
BRDA:69,544,2,0
BRDA:69,545,0,0
BRDA:69,545,1,0
BRDA:69,546,0,0
BRDA:69,546,1,0
BRDA:69,547,0,0
BRDA:69,547,1,0
BRDA:69,548,0,0
BRDA:69,548,1,0
BRDA:69,549,0,0
BRDA:69,549,1,0
BRDA:69,550,0,0
BRDA:69,550,1,0
BRDA:69,551,0,0
BRDA:69,551,1,0
BRDA:70,552,0,0
BRDA:70,552,1,0
BRDA:70,553,0,0
BRDA:70,553,1,0
BRDA:70,554,0,0
BRDA:70,554,1,0
BRDA:70,555,0,0
BRDA:70,555,1,0
BRDA:70,556,0,0
BRDA:70,556,1,0
BRDA:70,557,0,0
BRDA:70,557,1,0
BRDA:70,558,0,0
BRDA:70,558,1,0
BRDA:70,558,2,0
BRDA:71,559,0,0
BRDA:71,559,1,0
BRDA:71,560,0,0
BRDA:71,560,1,0
BRDA:71,561,0,0
BRDA:71,561,1,0
BRDA:71,561,2,0
BRDA:71,561,3,0
BRDA:71,561,4,0
BRDA:71,561,5,0
BRDA:71,562,0,0
BRDA:71,562,1,0
BRDA:71,563,0,0
BRDA:71,563,1,0
BRDA:71,564,0,0
BRDA:71,564,1,0
BRDA:71,565,0,0
BRDA:71,565,1,0
BRDA:71,566,0,0
BRDA:71,566,1,0
BRDA:71,567,0,0
BRDA:71,567,1,0
BRDA:72,568,0,0
BRDA:72,568,1,0
BRDA:72,569,0,0
BRDA:72,569,1,0
BRDA:72,570,0,0
BRDA:72,570,1,0
BRDA:72,571,0,0
BRDA:72,571,1,0
BRDA:72,572,0,0
BRDA:72,572,1,0
BRDA:72,572,2,0
BRDA:72,573,0,0
BRDA:72,573,1,0
BRDA:72,574,0,0
BRDA:72,574,1,0
BRDA:72,575,0,0
BRDA:72,575,1,0
BRDA:72,576,0,0
BRDA:72,576,1,0
BRDA:72,577,0,0
BRDA:72,577,1,0
BRDA:72,578,0,0
BRDA:72,578,1,0
BRDA:72,579,0,0
BRDA:72,579,1,0
BRDA:73,580,0,0
BRDA:73,580,1,0
BRDA:73,581,0,0
BRDA:73,581,1,0
BRDA:73,582,0,0
BRDA:73,582,1,0
BRDA:73,582,2,0
BRDA:73,583,0,0
BRDA:73,583,1,0
BRDA:73,583,2,0
BRDA:73,584,0,0
BRDA:73,584,1,0
BRDA:74,585,0,0
BRDA:74,585,1,0
BRDA:74,586,0,0
BRDA:74,586,1,0
BRDA:74,587,0,0
BRDA:74,587,1,0
BRDA:74,588,0,0
BRDA:74,588,1,0
BRDA:74,589,0,0
BRDA:74,589,1,0
BRDA:74,590,0,0
BRDA:74,590,1,0
BRDA:74,591,0,0
BRDA:74,591,1,0
BRDA:74,591,2,0
BRDA:74,592,0,0
BRDA:74,592,1,0
BRDA:74,593,0,0
BRDA:74,593,1,0
BRDA:74,594,0,0
BRDA:74,594,1,0
BRDA:74,595,0,0
BRDA:74,595,1,0
BRDA:74,596,0,0
BRDA:74,596,1,0
BRDA:75,597,0,0
BRDA:75,597,1,0
BRDA:75,598,0,0
BRDA:75,598,1,0
BRDA:75,599,0,0
BRDA:75,599,1,0
BRDA:75,600,0,0
BRDA:75,600,1,0
BRDA:75,601,0,0
BRDA:75,601,1,0
BRDA:75,601,2,0
BRDA:75,602,0,0
BRDA:75,602,1,0
BRDA:75,602,2,0
BRDA:75,603,0,0
BRDA:75,603,1,0
BRDA:75,603,2,0
BRDA:76,604,0,0
BRDA:76,604,1,0
BRDA:76,604,2,0
BRDA:76,605,0,0
BRDA:76,605,1,0
BRDA:76,606,0,0
BRDA:76,606,1,0
BRDA:76,607,0,0
BRDA:76,607,1,0
BRDA:76,608,0,0
[...]
FNDA:0,(anonymous_77)
FNDA:0,(anonymous_78)
FNDA:0,(anonymous_79)
FNDA:0,(anonymous_80)
FNDA:0,(anonymous_81)
FNDA:0,(anonymous_82)
FNDA:0,(anonymous_83)
FNDA:0,fn
FNDA:0,(anonymous_85)
FNDA:0,localRequire
FNDA:0,(anonymous_87)
FNDA:0,(anonymous_88)
FNDA:0,(anonymous_89)
FNDA:0,(anonymous_90)
FNDA:0,(anonymous_91)
FNDA:0,(anonymous_92)
FNDA:0,(anonymous_93)
FNDA:0,(anonymous_94)
FNDA:0,(anonymous_95)
FNDA:0,(anonymous_96)
FNDA:0,(anonymous_97)
FNDA:0,(anonymous_98)
FNDA:0,(anonymous_99)
FNDA:0,(anonymous_100)
FNDA:0,(anonymous_101)
FNDA:0,(anonymous_102)
FNDA:0,(anonymous_103)
FNDA:0,(anonymous_104)
FNDA:0,(anonymous_105)
FNDA:0,(anonymous_106)
FNDA:0,(anonymous_107)
FNDA:0,(anonymous_108)
FNDA:0,(anonymous_109)
FNDA:0,getInteractiveScript
FNDA:0,(anonymous_111)
FNDA:0,(anonymous_112)
FNDA:0,(anonymous_113)
FNDA:0,(anonymous_114)
FNDA:0,(anonymous_115)
DA:11,0
DA:12,0
DA:13,0
DA:40,1
DA:41,0
DA:44,1
DA:45,0
DA:52,1
DA:53,0
DA:54,0
DA:55,0
DA:56,0
DA:57,0
DA:67,1
DA:68,0
DA:69,0
DA:70,0
DA:71,0
DA:72,0
DA:78,1
DA:79,0
DA:82,1
DA:83,0
DA:91,1
DA:92,0
DA:93,0
DA:94,0
DA:95,0
DA:96,0
DA:106,1
DA:107,0
DA:108,0
DA:109,0
DA:110,0
DA:114,0
DA:115,0
DA:117,0
DA:119,0
DA:124,0
DA:129,1
DA:130,0
DA:131,0
DA:135,1
DA:136,0
DA:139,1
DA:140,0
DA:145,1
DA:146,0
DA:147,0
DA:149,0
DA:150,0
DA:151,0
DA:153,0
DA:164,1
DA:165,0
DA:166,0
DA:167,0
DA:168,0
DA:169,0
DA:171,0
DA:174,0
DA:177,0
DA:180,0
DA:181,0
DA:183,0
DA:185,0
DA:186,0
DA:190,0
DA:192,0
DA:193,0
DA:196,1
DA:197,0
DA:233,1
DA:234,0
DA:235,0
DA:236,0
DA:237,0
DA:238,0
DA:239,0
DA:240,0
DA:246,0
DA:247,0
DA:248,0
DA:249,0
DA:250,0
DA:266,1
DA:267,0
DA:274,0
DA:275,0
DA:276,0
DA:282,0
DA:283,0
DA:287,0
DA:293,0
DA:294,0
DA:297,0
DA:298,0
DA:302,0
DA:303,0
DA:305,0
DA:306,0
DA:308,0
DA:311,0
DA:312,0
DA:316,0
DA:317,0
DA:318,0
DA:320,0
DA:321,0
DA:322,0
DA:331,0
DA:332,0
DA:333,0
DA:337,0
DA:338,0
DA:339,0
DA:342,0
DA:343,0
DA:344,0
DA:350,0
DA:352,0
DA:355,1
DA:356,0
DA:357,0
DA:358,0
DA:360,0
DA:361,0
DA:367,1
DA:368,0
DA:369,0
DA:372,0
DA:373,0
DA:377,0
DA:381,0
DA:388,1
DA:389,0
DA:391,0
DA:392,0
DA:393,0
DA:395,0
DA:413,1
DA:414,0
DA:423,0
DA:424,0
DA:425,0
DA:428,0
DA:429,0
DA:430,0
DA:432,0
DA:433,0
DA:434,0
DA:438,0
DA:439,0
DA:440,0
DA:442,0
DA:443,0
DA:453,0
DA:459,0
DA:464,0
DA:465,0
DA:466,0
DA:467,0
DA:469,0
DA:476,0
DA:480,0
DA:494,1
DA:495,0
DA:498,0
DA:499,0
DA:502,0
DA:505,1
DA:506,0
DA:509,0
DA:511,0
DA:512,0
DA:515,0
DA:516,0
DA:517,0
DA:519,0
DA:524,1
DA:525,0
DA:528,0
DA:529,0
DA:531,0
DA:532,0
DA:533,0
DA:535,0
DA:536,0
DA:537,0
DA:538,0
DA:543,0
DA:544,0
DA:553,1
DA:555,0
DA:556,0
DA:557,0
DA:558,0
DA:559,0
DA:561,0
DA:563,0
DA:567,0
DA:569,0
DA:570,0
DA:572,0
DA:576,0
DA:577,0
DA:578,0
DA:579,0
DA:581,0
DA:586,0
DA:587,0
DA:589,0
DA:593,0
DA:601,1
DA:603,0
DA:604,0
DA:607,1
DA:608,0
DA:610,0
DA:611,0
DA:613,0
DA:614,0
DA:615,0
DA:622,0
DA:623,0
DA:624,0
DA:625,0
DA:627,0
DA:631,0
DA:635,1
DA:636,0
DA:646,0
DA:647,0
DA:650,0
DA:653,0
DA:654,0
DA:658,0
DA:659,0
DA:662,0
DA:663,0
DA:666,0
DA:669,0
DA:670,0
DA:671,0
DA:672,0
DA:674,0
DA:675,0
DA:677,0
DA:678,0
DA:679,0
DA:685,0
DA:691,0
DA:693,0
DA:694,0
DA:695,0
DA:699,0
DA:700,0
DA:701,0
DA:708,0
DA:711,0
DA:712,0
DA:713,0
DA:714,0
DA:719,0
DA:722,0
DA:723,0
DA:724,0
DA:725,0
DA:726,0
DA:727,0
DA:728,0
DA:729,0
DA:730,0
DA:738,0
DA:740,0
DA:745,0
DA:746,0
DA:749,0
DA:751,0
DA:753,0
DA:754,0
DA:757,0
DA:758,0
DA:767,0
DA:769,0
DA:772,0
DA:774,0
DA:780,0
DA:783,0
DA:785,0
DA:792,0
DA:793,0
DA:794,0
DA:795,0
DA:800,0
DA:801,0
DA:803,0
DA:805,0
DA:807,0
DA:811,0
DA:812,0
DA:815,0
DA:819,0
DA:824,0
DA:827,0
DA:828,0
DA:829,0
DA:838,0
DA:839,0
DA:842,0
DA:848,0
DA:850,0
DA:851,0
DA:853,0
DA:854,0
DA:855,0
DA:860,0
DA:862,0
DA:863,0
DA:864,0
DA:865,0
DA:867,0
DA:873,0
DA:874,0
DA:875,0
DA:876,0
DA:877,0
DA:879,0
DA:883,0
DA:890,0
DA:892,0
DA:893,0
DA:894,0
DA:895,0
DA:896,0
DA:900,0
DA:905,0
DA:910,0
DA:913,0
DA:915,0
DA:916,0
DA:918,0
DA:919,0
DA:920,0
DA:921,0
DA:923,0
DA:928,0
DA:930,0
DA:936,0
DA:938,0
DA:939,0
DA:940,0
DA:941,0
DA:948,0
DA:955,0
DA:957,0
DA:958,0
DA:968,0
DA:970,0
DA:971,0
DA:972,0
DA:978,0
DA:980,0
DA:982,0
DA:983,0
DA:989,0
DA:990,0
DA:993,0
DA:995,0
DA:996,0
DA:997,0
DA:1000,0
DA:1003,0
DA:1008,0
DA:1009,0
DA:1010,0
DA:1011,0
DA:1014,0
DA:1015,0
DA:1020,0
DA:1021,0
DA:1022,0
DA:1023,0
DA:1027,0
DA:1028,0
DA:1029,0
DA:1033,0
DA:1038,0
DA:1040,0
DA:1048,0
DA:1049,0
DA:1054,0
DA:1055,0
DA:1060,0
DA:1063,0
DA:1064,0
DA:1067,0
DA:1068,0
DA:1070,0
DA:1077,0
DA:1078,0
DA:1083,0
DA:1086,0
DA:1090,0
DA:1096,0
DA:1099,0
DA:1100,0
DA:1104,0
DA:1105,0
DA:1111,0
DA:1114,0
DA:1115,0
DA:1117,0
DA:1120,0
DA:1124,0
DA:1126,0
DA:1128,0
DA:1129,0
DA:1130,0
DA:1133,0
DA:1135,0
DA:1136,0
DA:1137,0
DA:1139,0
DA:1140,0
DA:1143,0
DA:1144,0
DA:1145,0
DA:1149,0
DA:1150,0
DA:1155,0
DA:1156,0
DA:1161,0
DA:1162,0
DA:1168,0
DA:1169,0
DA:1170,0
DA:1171,0
DA:1175,0
DA:1177,0
DA:1181,0
DA:1182,0
DA:1183,0
DA:1185,0
DA:1189,0
DA:1190,0
DA:1192,0
DA:1196,0
DA:1201,1
DA:1203,0
DA:1204,0
DA:1208,1
DA:1212,0
DA:1215,0
DA:1216,0
DA:1219,0
DA:1229,1
DA:1233,0
DA:1236,0
DA:1237,0
DA:1239,0
DA:1245,1
DA:1246,0
DA:1249,0
DA:1252,0
DA:1253,0
DA:1254,0
DA:1255,0
DA:1260,0
DA:1263,0
DA:1266,0
DA:1285,0
DA:1286,0
DA:1287,0
DA:1293,0
DA:1301,0
DA:1302,0
DA:1303,0
DA:1304,0
DA:1306,0
DA:1308,0
DA:1313,0
DA:1314,0
DA:1315,0
DA:1316,0
DA:1317,0
DA:1324,0
DA:1325,0
DA:1327,0
DA:1328,0
DA:1332,0
DA:1333,0
DA:1335,0
DA:1337,0
DA:1341,0
DA:1342,0
DA:1343,0
DA:1345,0
DA:1347,0
DA:1348,0
DA:1349,0
DA:1350,0
DA:1358,0
DA:1367,0
DA:1371,0
DA:1372,0
DA:1379,0
DA:1380,0
DA:1385,1
DA:1386,0
DA:1387,0
DA:1388,0
DA:1390,0
DA:1392,0
DA:1396,0
DA:1398,1
DA:1399,0
DA:1401,0
DA:1402,0
DA:1405,0
DA:1406,0
DA:1408,0
DA:1414,0
DA:1415,0
DA:1420,0
DA:1421,0
DA:1425,0
DA:1426,0
DA:1428,0
DA:1429,0
DA:1435,0
DA:1439,0
DA:1442,0
DA:1445,0
DA:1447,0
DA:1451,0
DA:1453,0
DA:1457,0
DA:1460,0
DA:1463,0
DA:1472,0
DA:1479,0
DA:1480,0
DA:1481,0
DA:1484,0
DA:1489,0
DA:1493,0
DA:1494,0
DA:1499,0
DA:1500,0
DA:1503,0
DA:1505,0
DA:1508,0
DA:1509,0
DA:1511,0
DA:1512,0
DA:1513,0
DA:1518,0
DA:1519,0
DA:1520,0
DA:1523,0
DA:1525,0
DA:1529,0
DA:1530,0
DA:1533,0
DA:1538,0
DA:1548,0
DA:1549,0
DA:1550,0
DA:1561,0
DA:1565,0
DA:1567,0
DA:1568,0
DA:1569,0
DA:1570,0
DA:1574,0
DA:1575,0
DA:1577,0
DA:1578,0
DA:1580,0
DA:1583,0
DA:1585,0
DA:1589,0
DA:1591,0
DA:1592,0
DA:1593,0
DA:1594,0
DA:1596,0
DA:1604,0
DA:1608,0
DA:1619,0
DA:1623,0
DA:1624,0
DA:1627,0
DA:1629,0
DA:1630,0
DA:1637,0
DA:1641,0
DA:1644,0
DA:1646,0
DA:1650,0
DA:1651,0
DA:1653,0
DA:1654,0
DA:1657,0
DA:1658,0
DA:1660,0
DA:1661,0
DA:1666,0
DA:1667,0
DA:1668,0
DA:1671,0
DA:1679,0
DA:1690,0
DA:1703,0
DA:1707,0
DA:1710,0
DA:1711,0
DA:1719,0
DA:1720,0
DA:1721,0
DA:1722,0
DA:1723,0
DA:1724,0
DA:1725,0
DA:1726,0
DA:1728,0
DA:1732,0
DA:1740,0
DA:1741,0
DA:1758,0
DA:1761,0
DA:1765,0
DA:1767,0
DA:1768,0
DA:1770,0
DA:1771,0
DA:1772,0
DA:1774,0
DA:1778,0
DA:1779,0
DA:1782,0
DA:1783,0
DA:1784,0
DA:1787,0
DA:1788,0
DA:1791,0
DA:1798,0
DA:1799,0
DA:1808,0
DA:1809,0
DA:1810,0
DA:1815,0
DA:1816,0
DA:1819,0
DA:1822,0
DA:1823,0
DA:1824,0
DA:1830,0
DA:1833,0
DA:1842,0
DA:1843,0
DA:1844,0
DA:1848,0
DA:1849,0
DA:1853,0
DA:1854,0
DA:1855,0
DA:1864,0
DA:1869,0
DA:1870,0
DA:1873,0
DA:1874,0
DA:1875,0
DA:1876,0
DA:1888,0
DA:1889,0
DA:1891,0
DA:1893,0
DA:1894,0
DA:1895,0
DA:1898,0
DA:1899,0
DA:1909,0
DA:1924,0
DA:1926,0
DA:1939,0
DA:1940,0
DA:1942,0
DA:1948,0
DA:1949,0
DA:1950,0
DA:1952,0
DA:1954,0
DA:1956,0
DA:1957,0
DA:1958,0
DA:1965,0
DA:1968,0
DA:1970,0
DA:1979,1
DA:1980,0
DA:1981,0
DA:1984,0
DA:1985,0
DA:1986,0
DA:1989,0
DA:1993,0
DA:1995,0
DA:1998,0
DA:1999,0
DA:2005,0
DA:2006,0
DA:2008,0
DA:2011,0
DA:2014,0
DA:2015,0
DA:2016,0
DA:2018,0
DA:2023,0
DA:2026,0
DA:2027,0
DA:2031,0
DA:2033,0
DA:2045,0
DA:2046,0
DA:2049,0
DA:2051,0
DA:2052,0
DA:2053,0
DA:2057,0
DA:2058,0
DA:2059,0
DA:2064,0
DA:2065,0
DA:2069,0
DA:2070,0
DA:2074,0
DA:2082,0
DA:2088,0
DA:2089,0
DA:2090,0
DA:2091,0
DA:2092,0
DA:2094,0
DA:2104,0
DA:2105,0
DA:2106,0
DA:2108,0
DA:2112,0
DA:2122,0
DA:2124,0
DA:2128,0
LF:753
LH:34
BRDA:24,1,0,0
BRDA:24,1,1,0
BRDA:24,1,2,0
BRDA:25,2,0,0
BRDA:25,2,1,0
BRDA:30,3,0,0
BRDA:30,3,1,0
BRDA:30,4,0,0
BRDA:30,4,1,0
BRDA:34,5,0,0
BRDA:34,5,1,0
BRDA:53,6,0,0
BRDA:53,6,1,0
BRDA:56,7,0,0
BRDA:56,7,1,0
BRDA:56,8,0,0
BRDA:56,8,1,0
BRDA:68,9,0,0
BRDA:68,9,1,0
BRDA:71,10,0,0
BRDA:71,10,1,0
BRDA:71,11,0,0
BRDA:71,11,1,0
BRDA:83,12,0,0
BRDA:83,12,1,0
BRDA:94,13,0,0
BRDA:94,13,1,0
BRDA:95,14,0,0
BRDA:95,14,1,0
BRDA:107,15,0,0
BRDA:107,15,1,0
BRDA:109,16,0,0
BRDA:109,16,1,0
BRDA:109,17,0,0
BRDA:109,17,1,0
BRDA:110,18,0,0
BRDA:110,18,1,0
BRDA:110,19,0,0
BRDA:110,19,1,0
BRDA:110,19,2,0
BRDA:110,19,3,0
BRDA:110,19,4,0
BRDA:110,19,5,0
BRDA:114,20,0,0
BRDA:114,20,1,0
BRDA:146,21,0,0
BRDA:146,21,1,0
BRDA:168,22,0,0
BRDA:168,22,1,0
BRDA:174,23,0,0
BRDA:174,23,1,0
BRDA:180,24,0,0
BRDA:180,24,1,0
BRDA:181,25,0,0
BRDA:181,25,1,0
BRDA:190,26,0,0
BRDA:190,26,1,0
BRDA:190,27,0,0
BRDA:190,27,1,0
BRDA:237,28,0,0
BRDA:237,28,1,0
BRDA:240,29,0,0
BRDA:240,29,1,0
BRDA:246,30,0,0
BRDA:246,30,1,0
BRDA:246,31,0,0
BRDA:246,31,1,0
BRDA:246,31,2,0
BRDA:246,31,3,0
BRDA:248,32,0,0
BRDA:248,32,1,0
BRDA:269,33,0,0
BRDA:269,33,1,0
BRDA:271,34,0,0
BRDA:271,34,1,0
BRDA:274,35,0,0
BRDA:274,35,1,0
BRDA:282,36,0,0
BRDA:282,36,1,0
BRDA:282,37,0,0
BRDA:282,37,1,0
BRDA:287,38,0,0
BRDA:287,38,1,0
BRDA:287,39,0,0
BRDA:287,39,1,0
BRDA:302,40,0,0
BRDA:302,40,1,0
BRDA:302,41,0,0
BRDA:302,41,1,0
BRDA:302,41,2,0
BRDA:302,41,3,0
BRDA:308,42,0,0
BRDA:308,42,1,0
BRDA:316,43,0,0
BRDA:316,43,1,0
BRDA:318,44,0,0
BRDA:318,44,1,0
BRDA:331,45,0,0
BRDA:331,45,1,0
BRDA:331,46,0,0
BRDA:331,46,1,0
BRDA:331,46,2,0
BRDA:337,47,0,0
BRDA:337,47,1,0
BRDA:337,48,0,0
BRDA:337,48,1,0
BRDA:342,49,0,0
BRDA:342,49,1,0
BRDA:352,50,0,0
BRDA:352,50,1,0
BRDA:356,51,0,0
BRDA:356,51,1,0
BRDA:358,52,0,0
BRDA:358,52,1,0
BRDA:358,53,0,0
BRDA:358,53,1,0
BRDA:369,54,0,0
BRDA:369,54,1,0
BRDA:369,55,0,0
BRDA:369,55,1,0
BRDA:369,55,2,0
BRDA:390,56,0,0
BRDA:390,56,1,0
BRDA:391,57,0,0
BRDA:391,57,1,0
BRDA:416,58,0,0
BRDA:416,58,1,0
BRDA:423,59,0,0
BRDA:423,59,1,0
BRDA:432,60,0,0
BRDA:432,60,1,0
BRDA:438,61,0,0
BRDA:438,61,1,0
BRDA:439,62,0,0
BRDA:439,62,1,0
BRDA:440,63,0,0
BRDA:440,63,1,0
BRDA:440,64,0,0
BRDA:440,64,1,0
BRDA:453,65,0,0
BRDA:453,65,1,0
BRDA:476,66,0,0
BRDA:476,66,1,0
BRDA:476,67,0,0
BRDA:476,67,1,0
BRDA:476,67,2,0
BRDA:488,68,0,0
BRDA:488,68,1,0
BRDA:498,69,0,0
BRDA:498,69,1,0
BRDA:509,70,0,0
BRDA:509,70,1,0
BRDA:509,71,0,0
BRDA:509,71,1,0
BRDA:509,71,2,0
BRDA:511,72,0,0
BRDA:511,72,1,0
BRDA:516,73,0,0
BRDA:516,73,1,0
BRDA:516,74,0,0
BRDA:516,74,1,0
BRDA:528,75,0,0
BRDA:528,75,1,0
BRDA:533,76,0,0
BRDA:533,76,1,0
BRDA:536,77,0,0
BRDA:536,77,1,0
BRDA:543,78,0,0
BRDA:543,78,1,0
BRDA:555,79,0,0
BRDA:555,79,1,0
BRDA:558,80,0,0
BRDA:558,80,1,0
BRDA:569,81,0,0
BRDA:569,81,1,0
BRDA:577,82,0,0
BRDA:577,82,1,0
BRDA:578,83,0,0
BRDA:578,83,1,0
BRDA:586,84,0,0
BRDA:586,84,1,0
BRDA:593,85,0,0
BRDA:593,85,1,0
BRDA:595,86,0,0
BRDA:595,86,1,0
BRDA:610,87,0,0
BRDA:610,87,1,0
BRDA:622,88,0,0
BRDA:622,88,1,0
BRDA:622,89,0,0
BRDA:622,89,1,0
BRDA:622,89,2,0
BRDA:623,90,0,0
BRDA:623,90,1,0
BRDA:639,91,0,0
BRDA:639,91,1,0
BRDA:646,92,0,0
BRDA:646,92,1,0
BRDA:658,93,0,0
BRDA:658,93,1,0
BRDA:662,94,0,0
BRDA:662,94,1,0
BRDA:666,95,0,0
BRDA:666,95,1,0
BRDA:669,96,0,0
BRDA:669,96,1,0
BRDA:669,97,0,0
BRDA:669,97,1,0
BRDA:670,98,0,0
BRDA:670,98,1,0
BRDA:677,99,0,0
BRDA:677,99,1,0
BRDA:677,100,0,0
BRDA:677,100,1,0
BRDA:677,100,2,0
BRDA:679,101,0,0
BRDA:679,101,1,0
BRDA:691,102,0,0
BRDA:691,102,1,0
BRDA:691,103,0,0
BRDA:691,103,1,0
BRDA:699,104,0,0
BRDA:699,104,1,0
BRDA:708,105,0,0
BRDA:708,105,1,0
BRDA:708,106,0,0
BRDA:708,106,1,0
BRDA:708,106,2,0
BRDA:711,107,0,0
BRDA:711,107,1,0
BRDA:711,108,0,0
BRDA:711,108,1,0
BRDA:711,108,2,0
BRDA:723,109,0,0
BRDA:723,109,1,0
BRDA:740,110,0,0
BRDA:740,110,1,0
BRDA:745,111,0,0
BRDA:745,111,1,0
BRDA:751,112,0,0
BRDA:751,112,1,0
BRDA:754,113,0,0
BRDA:754,113,1,0
BRDA:767,114,0,0
BRDA:767,114,1,0
BRDA:780,115,0,0
BRDA:780,115,1,0
BRDA:780,116,0,0
BRDA:780,116,1,0
BRDA:792,117,0,0
BRDA:792,117,1,0
BRDA:800,118,0,0
BRDA:800,118,1,0
BRDA:811,119,0,0
BRDA:811,119,1,0
BRDA:814,120,0,0
BRDA:814,120,1,0
BRDA:815,121,0,0
BRDA:815,121,1,0
BRDA:819,122,0,0
BRDA:819,122,1,0
BRDA:827,123,0,0
BRDA:827,123,1,0
BRDA:838,124,0,0
BRDA:838,124,1,0
BRDA:838,125,0,0
BRDA:838,125,1,0
BRDA:848,126,0,0
BRDA:848,126,1,0
BRDA:850,127,0,0
BRDA:850,127,1,0
BRDA:853,128,0,0
BRDA:853,128,1,0
BRDA:855,129,0,0
BRDA:855,129,1,0
BRDA:862,130,0,0
BRDA:862,130,1,0
BRDA:862,131,0,0
BRDA:862,131,1,0
BRDA:863,132,0,0
BRDA:863,132,1,0
BRDA:873,133,0,0
BRDA:873,133,1,0
BRDA:873,134,0,0
BRDA:873,134,1,0
BRDA:875,135,0,0
BRDA:875,135,1,0
BRDA:877,136,0,0
BRDA:877,136,1,0
BRDA:883,137,0,0
BRDA:883,137,1,0
BRDA:890,138,0,0
BRDA:890,138,1,0
BRDA:890,139,0,0
BRDA:890,139,1,0
BRDA:890,139,2,0
BRDA:893,140,0,0
BRDA:893,140,1,0
BRDA:894,141,0,0
BRDA:894,141,1,0
BRDA:896,142,0,0
BRDA:896,142,1,0
BRDA:896,143,0,0
BRDA:896,143,1,0
BRDA:915,144,0,0
BRDA:915,144,1,0
BRDA:915,145,0,0
BRDA:915,145,1,0
BRDA:918,146,0,0
BRDA:918,146,1,0
BRDA:921,147,0,0
BRDA:921,147,1,0
BRDA:938,148,0,0
BRDA:938,148,1,0
BRDA:938,149,0,0
BRDA:938,149,1,0
BRDA:961,150,0,0
BRDA:961,150,1,0
BRDA:968,151,0,0
BRDA:968,151,1,0
BRDA:970,152,0,0
BRDA:970,152,1,0
BRDA:971,153,0,0
BRDA:971,153,1,0
BRDA:990,154,0,0
BRDA:990,154,1,0
BRDA:995,155,0,0
BRDA:995,155,1,0
BRDA:1008,156,0,0
BRDA:1008,156,1,0
BRDA:1028,157,0,0
BRDA:1028,157,1,0
BRDA:1048,158,0,0
BRDA:1048,158,1,0
BRDA:1054,159,0,0
BRDA:1054,159,1,0
BRDA:1063,160,0,0
BRDA:1063,160,1,0
BRDA:1077,161,0,0
BRDA:1077,161,1,0
BRDA:1117,162,0,0
BRDA:1117,162,1,0
BRDA:1121,163,0,0
BRDA:1121,163,1,0
BRDA:1128,164,0,0
BRDA:1128,164,1,0
BRDA:1136,165,0,0
BRDA:1136,165,1,0
BRDA:1143,166,0,0
BRDA:1143,166,1,0
BRDA:1145,167,0,0
BRDA:1145,167,1,0
BRDA:1161,168,0,0
BRDA:1161,168,1,0
BRDA:1161,169,0,0
BRDA:1161,169,1,0
BRDA:1161,169,2,0
BRDA:1170,170,0,0
BRDA:1170,170,1,0
BRDA:1170,171,0,0
BRDA:1170,171,1,0
BRDA:1182,172,0,0
BRDA:1182,172,1,0
BRDA:1192,173,0,0
BRDA:1192,173,1,0
BRDA:1203,174,0,0
BRDA:1203,174,1,0
BRDA:1212,175,0,0
BRDA:1212,175,1,0
BRDA:1212,176,0,0
BRDA:1212,176,1,0
BRDA:1215,177,0,0
BRDA:1215,177,1,0
BRDA:1233,178,0,0
BRDA:1233,178,1,0
BRDA:1241,179,0,0
BRDA:1241,179,1,0
BRDA:1254,180,0,0
BRDA:1254,180,1,0
BRDA:1285,181,0,0
BRDA:1285,181,1,0
BRDA:1286,182,0,0
BRDA:1286,182,1,0
BRDA:1302,183,0,0
BRDA:1302,183,1,0
BRDA:1303,184,0,0
BRDA:1303,184,1,0
BRDA:1313,185,0,0
BRDA:1313,185,1,0
BRDA:1316,186,0,0
BRDA:1316,186,1,0
BRDA:1324,187,0,0
BRDA:1324,187,1,0
BRDA:1327,188,0,0
BRDA:1327,188,1,0
BRDA:1332,189,0,0
BRDA:1332,189,1,0
BRDA:1332,190,0,0
BRDA:1332,190,1,0
BRDA:1332,190,2,0
BRDA:1341,191,0,0
BRDA:1341,191,1,0
BRDA:1345,192,0,0
BRDA:1345,192,1,0
BRDA:1349,193,0,0
BRDA:1349,193,1,0
BRDA:1358,194,0,0
BRDA:1358,194,1,0
BRDA:1371,195,0,0
BRDA:1371,195,1,0
BRDA:1371,196,0,0
BRDA:1371,196,1,0
BRDA:1379,197,0,0
BRDA:1379,197,1,0
BRDA:1379,198,0,0
BRDA:1379,198,1,0
BRDA:1380,199,0,0
BRDA:1380,199,1,0
BRDA:1387,200,0,0
BRDA:1387,200,1,0
BRDA:1390,201,0,0
BRDA:1390,201,1,0
BRDA:1390,201,2,0
BRDA:1396,202,0,0
BRDA:1396,202,1,0
BRDA:1401,203,0,0
BRDA:1401,203,1,0
BRDA:1401,204,0,0
BRDA:1401,204,1,0
BRDA:1401,204,2,0
BRDA:1405,205,0,0
BRDA:1405,205,1,0
BRDA:1406,206,0,0
BRDA:1406,206,1,0
BRDA:1414,207,0,0
BRDA:1414,207,1,0
BRDA:1414,208,0,0
BRDA:1414,208,1,0
BRDA:1420,209,0,0
BRDA:1420,209,1,0
BRDA:1428,210,0,0
BRDA:1428,210,1,0
BRDA:1433,211,0,0
BRDA:1433,211,1,0
BRDA:1475,212,0,0
BRDA:1475,212,1,0
BRDA:1479,213,0,0
BRDA:1479,213,1,0
BRDA:1479,214,0,0
BRDA:1479,214,1,0
BRDA:1479,214,2,0
BRDA:1485,215,0,0
BRDA:1485,215,1,0
BRDA:1494,216,0,0
BRDA:1494,216,1,0
BRDA:1499,217,0,0
BRDA:1499,217,1,0
BRDA:1519,218,0,0
BRDA:1519,218,1,0
BRDA:1525,219,0,0
BRDA:1525,219,1,0
BRDA:1529,220,0,0
BRDA:1529,220,1,0
BRDA:1549,221,0,0
BRDA:1549,221,1,0
BRDA:1562,222,0,0
BRDA:1562,222,1,0
BRDA:1569,223,0,0
BRDA:1569,223,1,0
BRDA:1574,224,0,0
BRDA:1574,224,1,0
BRDA:1578,225,0,0
BRDA:1578,225,1,0
BRDA:1591,226,0,0
BRDA:1591,226,1,0
BRDA:1591,227,0,0
BRDA:1591,227,1,0
BRDA:1591,227,2,0
BRDA:1591,227,3,0
BRDA:1592,228,0,0
BRDA:1592,228,1,0
BRDA:1592,229,0,0
BRDA:1592,229,1,0
BRDA:1592,229,2,0
BRDA:1593,230,0,0
BRDA:1593,230,1,0
BRDA:1604,231,0,0
BRDA:1604,231,1,0
BRDA:1623,232,0,0
BRDA:1623,232,1,0
BRDA:1629,233,0,0
BRDA:1629,233,1,0
BRDA:1637,234,0,0
BRDA:1637,234,1,0
BRDA:1641,235,0,0
BRDA:1641,235,1,0
BRDA:1654,236,0,0
BRDA:1654,236,1,0
BRDA:1657,237,0,0
BRDA:1657,237,1,0
BRDA:1667,238,0,0
BRDA:1667,238,1,0
BRDA:1667,239,0,0
BRDA:1667,239,1,0
BRDA:1667,240,0,0
BRDA:1667,240,1,0
BRDA:1668,241,0,0
BRDA:1668,241,1,0
BRDA:1668,242,0,0
BRDA:1668,242,1,0
BRDA:1671,243,0,0
BRDA:1671,243,1,0
BRDA:1672,244,0,0
BRDA:1672,244,1,0
BRDA:1703,245,0,0
BRDA:1703,245,1,0
BRDA:1703,246,0,0
BRDA:1703,246,1,0
BRDA:1704,247,0,0
BRDA:1704,247,1,0
BRDA:1720,248,0,0
BRDA:1720,248,1,0
BRDA:1723,249,0,0
BRDA:1723,249,1,0
BRDA:1725,250,0,0
BRDA:1725,250,1,0
BRDA:1733,251,0,0
BRDA:1733,251,1,0
BRDA:1765,252,0,0
BRDA:1765,252,1,0
BRDA:1765,253,0,0
BRDA:1765,253,1,0
BRDA:1768,254,0,0
BRDA:1768,254,1,0
BRDA:1778,255,0,0
BRDA:1778,255,1,0
BRDA:1778,256,0,0
BRDA:1778,256,1,0
BRDA:1783,257,0,0
BRDA:1783,257,1,0
BRDA:1787,258,0,0
BRDA:1787,258,1,0
BRDA:1808,259,0,0
BRDA:1808,259,1,0
BRDA:1815,260,0,0
BRDA:1815,260,1,0
BRDA:1848,261,0,0
BRDA:1848,261,1,0
BRDA:1854,262,0,0
BRDA:1854,262,1,0
BRDA:1870,263,0,0
BRDA:1870,263,1,0
BRDA:1873,264,0,0
BRDA:1873,264,1,0
BRDA:1889,265,0,0
BRDA:1889,265,1,0
BRDA:1889,265,2,0
BRDA:1891,266,0,0
BRDA:1891,266,1,0
BRDA:1894,267,0,0
BRDA:1894,267,1,0
BRDA:1909,268,0,0
BRDA:1909,268,1,0
BRDA:1909,269,0,0
BRDA:1909,269,1,0
BRDA:1909,269,2,0
BRDA:1917,270,0,0
BRDA:1917,270,1,0
BRDA:1949,271,0,0
BRDA:1949,271,1,0
BRDA:1957,272,0,0
BRDA:1957,272,1,0
BRDA:1980,273,0,0
BRDA:1980,273,1,0
BRDA:1980,274,0,0
BRDA:1980,274,1,0
BRDA:1985,275,0,0
BRDA:1985,275,1,0
BRDA:1993,276,0,0
BRDA:1993,276,1,0
BRDA:1993,277,0,0
BRDA:1993,277,1,0
BRDA:1998,278,0,0
BRDA:1998,278,1,0
BRDA:2006,279,0,0
BRDA:2006,279,1,0
BRDA:2011,280,0,0
BRDA:2011,280,1,0
BRDA:2016,281,0,0
BRDA:2016,281,1,0
BRDA:2026,282,0,0
BRDA:2026,282,1,0
BRDA:2031,283,0,0
BRDA:2031,283,1,0
BRDA:2049,284,0,0
BRDA:2049,284,1,0
BRDA:2057,285,0,0
BRDA:2057,285,1,0
BRDA:2064,286,0,0
BRDA:2064,286,1,0
BRDA:2064,287,0,0
BRDA:2064,287,1,0
BRDA:2069,288,0,0
BRDA:2069,288,1,0
BRDA:2082,289,0,0
BRDA:2082,289,1,0
BRDA:2088,290,0,0
BRDA:2088,290,1,0
BRDA:2089,291,0,0
BRDA:2089,291,1,0
BRDA:2090,292,0,0
BRDA:2090,292,1,0
BRDA:2091,293,0,0
BRDA:2091,293,1,0
BRDA:2104,294,0,0
BRDA:2104,294,1,0
BRF:616
BRH:0
end_of_record
TN:
SF:/Users/zguillez/Documents/SVN/YEOMAN/generator-symfonangular/generators/app/templates/src/AppBundle/Resources/js/init.js
FN:3,(anonymous_1)
FN:21,(anonymous_2)
FN:24,(anonymous_3)
FN:29,(anonymous_4)
FN:32,(anonymous_5)
FN:35,(anonymous_6)
FNF:6
FNH:0
FNDA:0,(anonymous_1)
FNDA:0,(anonymous_2)
FNDA:0,(anonymous_3)
FNDA:0,(anonymous_4)
FNDA:0,(anonymous_5)
FNDA:0,(anonymous_6)
DA:1,0
DA:3,0
DA:4,0
DA:5,0
DA:7,0
DA:21,0
DA:23,0
DA:24,0
DA:25,0
DA:26,0
DA:29,0
DA:30,0
DA:32,0
DA:33,0
DA:35,0
DA:36,0
DA:37,0
DA:38,0
LF:18
LH:0
BRF:0
BRH:0
end_of_record
TN:
SF:/Users/zguillez/Documents/SVN/YEOMAN/generator-symfonangular/generators/app/templates/src/AppBundle/Resources/public/js/init.js
FN:3,(anonymous_1)
FN:16,(anonymous_2)
FN:17,(anonymous_3)
FN:20,(anonymous_4)
FN:22,(anonymous_5)
FN:24,(anonymous_6)
FNF:6
FNH:0
FNDA:0,(anonymous_1)
FNDA:0,(anonymous_2)
FNDA:0,(anonymous_3)
FNDA:0,(anonymous_4)
FNDA:0,(anonymous_5)
FNDA:0,(anonymous_6)
DA:1,0
DA:3,0
DA:4,0
DA:17,0
DA:18,0
DA:21,0
DA:23,0
DA:25,0
LF:8
LH:0
BRF:0
BRH:0
end_of_record
TN:
SF:/Users/zguillez/Documents/SVN/YEOMAN/generator-symfonangular/generators/app/templates/vendor/symfony/assetic-bundle/Tests/Resources/web/javascript1.js
FNF:0
FNH:0
LF:0
LH:0
BRF:0
BRH:0
end_of_record
TN:
SF:/Users/zguillez/Documents/SVN/YEOMAN/generator-symfonangular/generators/app/templates/vendor/symfony/assetic-bundle/Tests/Resources/web/javascript2.js
FNF:0
FNH:0
LF:0
LH:0
BRF:0
BRH:0
end_of_record
